{"timestamp":"2026-02-25T00:00:14.878528","level":"info","event":"Filling up the DagBag from /opt/airflow/dags/tasks_approach.py","logger":"airflow.models.dagbag.DagBag"}
{"timestamp":"2026-02-25T00:00:45.847451","level":"info","event":"Filling up the DagBag from /opt/airflow/dags/tasks_approach.py","logger":"airflow.models.dagbag.DagBag"}
{"timestamp":"2026-02-25T09:13:08.725598","level":"info","event":"Filling up the DagBag from /opt/airflow/dags/tasks_approach.py","logger":"airflow.models.dagbag.DagBag"}
{"timestamp":"2026-02-25T09:13:44.299466","level":"info","event":"Filling up the DagBag from /opt/airflow/dags/tasks_approach.py","logger":"airflow.models.dagbag.DagBag"}
{"timestamp":"2026-02-25T09:14:50.971498","level":"info","event":"Filling up the DagBag from /opt/airflow/dags/tasks_approach.py","logger":"airflow.models.dagbag.DagBag"}
{"timestamp":"2026-02-25T09:16:27.841077","level":"info","event":"Filling up the DagBag from /opt/airflow/dags/tasks_approach.py","logger":"airflow.models.dagbag.DagBag"}
{"timestamp":"2026-02-25T09:17:03.666110","level":"info","event":"Filling up the DagBag from /opt/airflow/dags/tasks_approach.py","logger":"airflow.models.dagbag.DagBag"}
{"timestamp":"2026-02-25T09:17:34.037548","level":"info","event":"Filling up the DagBag from /opt/airflow/dags/tasks_approach.py","logger":"airflow.models.dagbag.DagBag"}
{"timestamp":"2026-02-25T09:18:04.493810","level":"info","event":"Filling up the DagBag from /opt/airflow/dags/tasks_approach.py","logger":"airflow.models.dagbag.DagBag"}
{"timestamp":"2026-02-25T09:18:34.965477","level":"info","event":"Filling up the DagBag from /opt/airflow/dags/tasks_approach.py","logger":"airflow.models.dagbag.DagBag"}
{"timestamp":"2026-02-25T09:19:05.566803","level":"info","event":"Filling up the DagBag from /opt/airflow/dags/tasks_approach.py","logger":"airflow.models.dagbag.DagBag"}
{"timestamp":"2026-02-25T09:19:35.999098","level":"info","event":"Filling up the DagBag from /opt/airflow/dags/tasks_approach.py","logger":"airflow.models.dagbag.DagBag"}
{"timestamp":"2026-02-25T09:21:12.290462","level":"info","event":"Filling up the DagBag from /opt/airflow/dags/tasks_approach.py","logger":"airflow.models.dagbag.DagBag"}
{"timestamp":"2026-02-25T09:21:38.552916","level":"info","event":"Filling up the DagBag from /opt/airflow/dags/tasks_approach.py","logger":"airflow.models.dagbag.DagBag"}
{"timestamp":"2026-02-25T09:21:54.477705","level":"info","event":"Filling up the DagBag from /opt/airflow/dags/tasks_approach.py","logger":"airflow.models.dagbag.DagBag"}
{"timestamp":"2026-02-25T09:22:24.693682","level":"info","event":"Filling up the DagBag from /opt/airflow/dags/tasks_approach.py","logger":"airflow.models.dagbag.DagBag"}
{"timestamp":"2026-02-25T09:22:54.945396","level":"info","event":"Filling up the DagBag from /opt/airflow/dags/tasks_approach.py","logger":"airflow.models.dagbag.DagBag"}
{"timestamp":"2026-02-25T09:23:25.497309","level":"info","event":"Filling up the DagBag from /opt/airflow/dags/tasks_approach.py","logger":"airflow.models.dagbag.DagBag"}
{"timestamp":"2026-02-25T09:24:00.754832","level":"info","event":"Filling up the DagBag from /opt/airflow/dags/tasks_approach.py","logger":"airflow.models.dagbag.DagBag"}
{"timestamp":"2026-02-25T09:24:36.022124","level":"info","event":"Filling up the DagBag from /opt/airflow/dags/tasks_approach.py","logger":"airflow.models.dagbag.DagBag"}
{"timestamp":"2026-02-25T09:25:06.624513","level":"info","event":"Filling up the DagBag from /opt/airflow/dags/tasks_approach.py","logger":"airflow.models.dagbag.DagBag"}
{"timestamp":"2026-02-25T09:25:36.984848","level":"info","event":"Filling up the DagBag from /opt/airflow/dags/tasks_approach.py","logger":"airflow.models.dagbag.DagBag"}
{"timestamp":"2026-02-25T09:26:07.475666","level":"info","event":"Filling up the DagBag from /opt/airflow/dags/tasks_approach.py","logger":"airflow.models.dagbag.DagBag"}
{"timestamp":"2026-02-25T09:26:42.960042","level":"info","event":"Filling up the DagBag from /opt/airflow/dags/tasks_approach.py","logger":"airflow.models.dagbag.DagBag"}
{"timestamp":"2026-02-25T09:27:14.061405","level":"info","event":"Filling up the DagBag from /opt/airflow/dags/tasks_approach.py","logger":"airflow.models.dagbag.DagBag"}
{"timestamp":"2026-02-25T09:27:44.394115","level":"info","event":"Filling up the DagBag from /opt/airflow/dags/tasks_approach.py","logger":"airflow.models.dagbag.DagBag"}
{"timestamp":"2026-02-25T09:28:15.210120","level":"info","event":"Filling up the DagBag from /opt/airflow/dags/tasks_approach.py","logger":"airflow.models.dagbag.DagBag"}
{"timestamp":"2026-02-25T09:28:50.435821","level":"info","event":"Filling up the DagBag from /opt/airflow/dags/tasks_approach.py","logger":"airflow.models.dagbag.DagBag"}
{"timestamp":"2026-02-25T09:29:20.781044","level":"info","event":"Filling up the DagBag from /opt/airflow/dags/tasks_approach.py","logger":"airflow.models.dagbag.DagBag"}
{"timestamp":"2026-02-25T09:29:30.357516","level":"info","event":"Filling up the DagBag from /opt/airflow/dags/tasks_approach.py","logger":"airflow.models.dagbag.DagBag"}
{"timestamp":"2026-02-25T09:29:37.992924","level":"info","event":"Filling up the DagBag from /opt/airflow/dags/tasks_approach.py","logger":"airflow.models.dagbag.DagBag"}
{"timestamp":"2026-02-25T09:29:39.793899","level":"info","event":"Filling up the DagBag from /opt/airflow/dags/tasks_approach.py","logger":"airflow.models.dagbag.DagBag"}
{"timestamp":"2026-02-25T09:29:57.625203","level":"info","event":"Filling up the DagBag from /opt/airflow/dags/tasks_approach.py","logger":"airflow.models.dagbag.DagBag"}
{"timestamp":"2026-02-25T09:30:06.910008","level":"info","event":"Filling up the DagBag from /opt/airflow/dags/tasks_approach.py","logger":"airflow.models.dagbag.DagBag"}
{"timestamp":"2026-02-25T09:30:10.934308","level":"info","event":"Filling up the DagBag from /opt/airflow/dags/tasks_approach.py","logger":"airflow.models.dagbag.DagBag"}
{"timestamp":"2026-02-25T09:30:25.403388","level":"info","event":"Filling up the DagBag from /opt/airflow/dags/tasks_approach.py","logger":"airflow.models.dagbag.DagBag"}
{"timestamp":"2026-02-25T09:30:37.264804","level":"info","event":"Filling up the DagBag from /opt/airflow/dags/tasks_approach.py","logger":"airflow.models.dagbag.DagBag"}
{"timestamp":"2026-02-25T09:30:54.505341","level":"info","event":"Filling up the DagBag from /opt/airflow/dags/tasks_approach.py","logger":"airflow.models.dagbag.DagBag"}
{"timestamp":"2026-02-25T09:31:01.887793","level":"info","event":"Filling up the DagBag from /opt/airflow/dags/tasks_approach.py","logger":"airflow.models.dagbag.DagBag"}
{"timestamp":"2026-02-25T09:31:17.645799","level":"info","event":"Filling up the DagBag from /opt/airflow/dags/tasks_approach.py","logger":"airflow.models.dagbag.DagBag"}
{"timestamp":"2026-02-25T09:31:31.580345","level":"info","event":"Filling up the DagBag from /opt/airflow/dags/tasks_approach.py","logger":"airflow.models.dagbag.DagBag"}
{"timestamp":"2026-02-25T09:31:34.572184","level":"info","event":"Filling up the DagBag from /opt/airflow/dags/tasks_approach.py","logger":"airflow.models.dagbag.DagBag"}
{"timestamp":"2026-02-25T09:31:41.783037","level":"info","event":"Filling up the DagBag from /opt/airflow/dags/tasks_approach.py","logger":"airflow.models.dagbag.DagBag"}
{"timestamp":"2026-02-25T09:31:42.857662","level":"info","event":"Filling up the DagBag from /opt/airflow/dags/tasks_approach.py","logger":"airflow.models.dagbag.DagBag"}
{"timestamp":"2026-02-25T09:32:13.822595","level":"info","event":"Filling up the DagBag from /opt/airflow/dags/tasks_approach.py","logger":"airflow.models.dagbag.DagBag"}
{"timestamp":"2026-02-25T09:34:45.960007","level":"info","event":"Filling up the DagBag from /opt/airflow/dags/tasks_approach.py","logger":"airflow.models.dagbag.DagBag"}
{"timestamp":"2026-02-25T09:35:47.534817","level":"info","event":"Filling up the DagBag from /opt/airflow/dags/tasks_approach.py","logger":"airflow.models.dagbag.DagBag"}
{"timestamp":"2026-02-25T09:36:49.137084","level":"info","event":"Filling up the DagBag from /opt/airflow/dags/tasks_approach.py","logger":"airflow.models.dagbag.DagBag"}
{"timestamp":"2026-02-25T09:37:19.839296","level":"info","event":"Filling up the DagBag from /opt/airflow/dags/tasks_approach.py","logger":"airflow.models.dagbag.DagBag"}
{"timestamp":"2026-02-25T09:37:55.147119","level":"info","event":"Filling up the DagBag from /opt/airflow/dags/tasks_approach.py","logger":"airflow.models.dagbag.DagBag"}
{"timestamp":"2026-02-25T09:39:52.596506","level":"info","event":"Filling up the DagBag from /opt/airflow/dags/tasks_approach.py","logger":"airflow.models.dagbag.DagBag"}
{"timestamp":"2026-02-25T09:40:24.527538","level":"info","event":"Filling up the DagBag from /opt/airflow/dags/tasks_approach.py","logger":"airflow.models.dagbag.DagBag"}
{"timestamp":"2026-02-25T09:40:55.141449","level":"info","event":"Filling up the DagBag from /opt/airflow/dags/tasks_approach.py","logger":"airflow.models.dagbag.DagBag"}
{"timestamp":"2026-02-25T09:41:25.715497","level":"info","event":"Filling up the DagBag from /opt/airflow/dags/tasks_approach.py","logger":"airflow.models.dagbag.DagBag"}
{"timestamp":"2026-02-25T09:41:56.159473","level":"info","event":"Filling up the DagBag from /opt/airflow/dags/tasks_approach.py","logger":"airflow.models.dagbag.DagBag"}
{"timestamp":"2026-02-25T09:42:26.723823","level":"info","event":"Filling up the DagBag from /opt/airflow/dags/tasks_approach.py","logger":"airflow.models.dagbag.DagBag"}
{"timestamp":"2026-02-25T09:42:57.184809","level":"info","event":"Filling up the DagBag from /opt/airflow/dags/tasks_approach.py","logger":"airflow.models.dagbag.DagBag"}
{"timestamp":"2026-02-25T09:43:11.207796","level":"info","event":"Filling up the DagBag from /opt/airflow/dags/tasks_approach.py","logger":"airflow.models.dagbag.DagBag"}
{"timestamp":"2026-02-25T09:43:18.679714","level":"info","event":"Filling up the DagBag from /opt/airflow/dags/tasks_approach.py","logger":"airflow.models.dagbag.DagBag"}
{"timestamp":"2026-02-25T09:43:24.129646","level":"info","event":"Filling up the DagBag from /opt/airflow/dags/tasks_approach.py","logger":"airflow.models.dagbag.DagBag"}
{"timestamp":"2026-02-25T09:43:24.287494","level":"error","event":"Failed to import: /opt/airflow/dags/tasks_approach.py","logger":"airflow.models.dagbag.DagBag","error_detail":[{"exc_type":"NameError","exc_value":"name 'st' is not defined","exc_notes":[],"syntax_error":null,"is_cause":false,"frames":[{"filename":"/home/airflow/.local/lib/python3.12/site-packages/airflow/models/dagbag.py","lineno":384,"name":"parse"},{"filename":"<frozen importlib._bootstrap_external>","lineno":999,"name":"exec_module"},{"filename":"<frozen importlib._bootstrap>","lineno":488,"name":"_call_with_frames_removed"},{"filename":"/opt/airflow/dags/tasks_approach.py","lineno":70,"name":"<module>"},{"filename":"/home/airflow/.local/lib/python3.12/site-packages/airflow/sdk/definitions/dag.py","lineno":1138,"name":"factory"},{"filename":"/opt/airflow/dags/tasks_approach.py","lineno":68,"name":"task_user_processing"}]}]}
{"timestamp":"2026-02-25T09:43:25.757212","level":"info","event":"Filling up the DagBag from /opt/airflow/dags/tasks_approach.py","logger":"airflow.models.dagbag.DagBag"}
{"timestamp":"2026-02-25T09:43:57.364239","level":"info","event":"Filling up the DagBag from /opt/airflow/dags/tasks_approach.py","logger":"airflow.models.dagbag.DagBag"}
{"timestamp":"2026-02-25T09:44:27.881621","level":"info","event":"Filling up the DagBag from /opt/airflow/dags/tasks_approach.py","logger":"airflow.models.dagbag.DagBag"}
{"timestamp":"2026-02-25T09:44:58.390128","level":"info","event":"Filling up the DagBag from /opt/airflow/dags/tasks_approach.py","logger":"airflow.models.dagbag.DagBag"}
{"timestamp":"2026-02-25T09:45:29.433804","level":"info","event":"Filling up the DagBag from /opt/airflow/dags/tasks_approach.py","logger":"airflow.models.dagbag.DagBag"}
{"timestamp":"2026-02-25T09:46:00.393686","level":"info","event":"Filling up the DagBag from /opt/airflow/dags/tasks_approach.py","logger":"airflow.models.dagbag.DagBag"}
{"timestamp":"2026-02-25T09:46:31.009060","level":"info","event":"Filling up the DagBag from /opt/airflow/dags/tasks_approach.py","logger":"airflow.models.dagbag.DagBag"}
{"timestamp":"2026-02-25T09:47:02.037322","level":"info","event":"Filling up the DagBag from /opt/airflow/dags/tasks_approach.py","logger":"airflow.models.dagbag.DagBag"}
{"timestamp":"2026-02-25T09:47:32.845886","level":"info","event":"Filling up the DagBag from /opt/airflow/dags/tasks_approach.py","logger":"airflow.models.dagbag.DagBag"}
{"timestamp":"2026-02-25T09:48:01.445885","level":"info","event":"Filling up the DagBag from /opt/airflow/dags/tasks_approach.py","logger":"airflow.models.dagbag.DagBag"}
{"timestamp":"2026-02-25T09:48:02.885472","level":"info","event":"Filling up the DagBag from /opt/airflow/dags/tasks_approach.py","logger":"airflow.models.dagbag.DagBag"}
{"timestamp":"2026-02-25T09:48:05.282295","level":"info","event":"Filling up the DagBag from /opt/airflow/dags/tasks_approach.py","logger":"airflow.models.dagbag.DagBag"}
{"timestamp":"2026-02-25T09:48:14.529640","level":"info","event":"Filling up the DagBag from /opt/airflow/dags/tasks_approach.py","logger":"airflow.models.dagbag.DagBag"}
{"timestamp":"2026-02-25T09:48:16.914666","level":"info","event":"Filling up the DagBag from /opt/airflow/dags/tasks_approach.py","logger":"airflow.models.dagbag.DagBag"}
{"timestamp":"2026-02-25T09:48:20.303109","level":"info","event":"Filling up the DagBag from /opt/airflow/dags/tasks_approach.py","logger":"airflow.models.dagbag.DagBag"}
{"timestamp":"2026-02-25T09:48:21.774327","level":"info","event":"Filling up the DagBag from /opt/airflow/dags/tasks_approach.py","logger":"airflow.models.dagbag.DagBag"}
{"timestamp":"2026-02-25T09:48:23.218221","level":"info","event":"Filling up the DagBag from /opt/airflow/dags/tasks_approach.py","logger":"airflow.models.dagbag.DagBag"}
{"timestamp":"2026-02-25T09:48:23.248698","level":"error","event":"Failed to import: /opt/airflow/dags/tasks_approach.py","logger":"airflow.models.dagbag.DagBag","error_detail":[{"exc_type":"IndentationError","exc_value":"unexpected indent (tasks_approach.py, line 50)","exc_notes":[],"syntax_error":{"offset":9,"filename":"/opt/airflow/dags/tasks_approach.py","line":"         with open(\"/tmp/user_info.csv\", \"w\", newline=\"\") as f:\n","lineno":50,"msg":"unexpected indent"},"is_cause":false,"frames":[{"filename":"/home/airflow/.local/lib/python3.12/site-packages/airflow/models/dagbag.py","lineno":384,"name":"parse"},{"filename":"<frozen importlib._bootstrap_external>","lineno":995,"name":"exec_module"},{"filename":"<frozen importlib._bootstrap_external>","lineno":1133,"name":"get_code"},{"filename":"<frozen importlib._bootstrap_external>","lineno":1063,"name":"source_to_code"},{"filename":"<frozen importlib._bootstrap>","lineno":488,"name":"_call_with_frames_removed"}]}]}
{"timestamp":"2026-02-25T09:48:26.554948","level":"info","event":"Filling up the DagBag from /opt/airflow/dags/tasks_approach.py","logger":"airflow.models.dagbag.DagBag"}
{"timestamp":"2026-02-25T09:48:29.119816","level":"info","event":"Filling up the DagBag from /opt/airflow/dags/tasks_approach.py","logger":"airflow.models.dagbag.DagBag"}
{"timestamp":"2026-02-25T09:48:29.198899","level":"error","event":"Failed to import: /opt/airflow/dags/tasks_approach.py","logger":"airflow.models.dagbag.DagBag","error_detail":[{"exc_type":"SyntaxError","exc_value":"invalid syntax (tasks_approach.py, line 49)","exc_notes":[],"syntax_error":{"offset":35,"filename":"/opt/airflow/dags/tasks_approach.py","line":"        user_info['created_at'] = \n","lineno":49,"msg":"invalid syntax"},"is_cause":false,"frames":[{"filename":"/home/airflow/.local/lib/python3.12/site-packages/airflow/models/dagbag.py","lineno":384,"name":"parse"},{"filename":"<frozen importlib._bootstrap_external>","lineno":995,"name":"exec_module"},{"filename":"<frozen importlib._bootstrap_external>","lineno":1133,"name":"get_code"},{"filename":"<frozen importlib._bootstrap_external>","lineno":1063,"name":"source_to_code"},{"filename":"<frozen importlib._bootstrap>","lineno":488,"name":"_call_with_frames_removed"}]}]}
{"timestamp":"2026-02-25T09:48:31.482548","level":"info","event":"Filling up the DagBag from /opt/airflow/dags/tasks_approach.py","logger":"airflow.models.dagbag.DagBag"}
{"timestamp":"2026-02-25T09:48:35.935050","level":"info","event":"Filling up the DagBag from /opt/airflow/dags/tasks_approach.py","logger":"airflow.models.dagbag.DagBag"}
{"timestamp":"2026-02-25T09:48:36.029063","level":"error","event":"Failed to import: /opt/airflow/dags/tasks_approach.py","logger":"airflow.models.dagbag.DagBag","error_detail":[{"exc_type":"ModuleNotFoundError","exc_value":"No module named 'date'","exc_notes":[],"syntax_error":null,"is_cause":false,"frames":[{"filename":"/home/airflow/.local/lib/python3.12/site-packages/airflow/models/dagbag.py","lineno":384,"name":"parse"},{"filename":"<frozen importlib._bootstrap_external>","lineno":999,"name":"exec_module"},{"filename":"<frozen importlib._bootstrap>","lineno":488,"name":"_call_with_frames_removed"},{"filename":"/opt/airflow/dags/tasks_approach.py","lineno":7,"name":"<module>"}]}]}
{"timestamp":"2026-02-25T09:48:38.128519","level":"info","event":"Filling up the DagBag from /opt/airflow/dags/tasks_approach.py","logger":"airflow.models.dagbag.DagBag"}
{"timestamp":"2026-02-25T09:48:43.938281","level":"info","event":"Filling up the DagBag from /opt/airflow/dags/tasks_approach.py","logger":"airflow.models.dagbag.DagBag"}
{"timestamp":"2026-02-25T09:48:44.086261","level":"error","event":"Failed to import: /opt/airflow/dags/tasks_approach.py","logger":"airflow.models.dagbag.DagBag","error_detail":[{"exc_type":"SyntaxError","exc_value":"invalid syntax (tasks_approach.py, line 51)","exc_notes":[],"syntax_error":{"offset":44,"filename":"/opt/airflow/dags/tasks_approach.py","line":"        with open(\"/tmp/user_info.csv\",tim \"w\", newline=\"\") as f:\n","lineno":51,"msg":"invalid syntax"},"is_cause":false,"frames":[{"filename":"/home/airflow/.local/lib/python3.12/site-packages/airflow/models/dagbag.py","lineno":384,"name":"parse"},{"filename":"<frozen importlib._bootstrap_external>","lineno":995,"name":"exec_module"},{"filename":"<frozen importlib._bootstrap_external>","lineno":1133,"name":"get_code"},{"filename":"<frozen importlib._bootstrap_external>","lineno":1063,"name":"source_to_code"},{"filename":"<frozen importlib._bootstrap>","lineno":488,"name":"_call_with_frames_removed"}]}]}
{"timestamp":"2026-02-25T09:48:45.369514","level":"info","event":"Filling up the DagBag from /opt/airflow/dags/tasks_approach.py","logger":"airflow.models.dagbag.DagBag"}
{"timestamp":"2026-02-25T09:48:47.829526","level":"info","event":"Filling up the DagBag from /opt/airflow/dags/tasks_approach.py","logger":"airflow.models.dagbag.DagBag"}
{"timestamp":"2026-02-25T09:48:47.865376","level":"error","event":"Failed to import: /opt/airflow/dags/tasks_approach.py","logger":"airflow.models.dagbag.DagBag","error_detail":[{"exc_type":"SyntaxError","exc_value":"invalid syntax (tasks_approach.py, line 50)","exc_notes":[],"syntax_error":{"offset":44,"filename":"/opt/airflow/dags/tasks_approach.py","line":"        user_info['created_at'] = datetime.\n","lineno":50,"msg":"invalid syntax"},"is_cause":false,"frames":[{"filename":"/home/airflow/.local/lib/python3.12/site-packages/airflow/models/dagbag.py","lineno":384,"name":"parse"},{"filename":"<frozen importlib._bootstrap_external>","lineno":995,"name":"exec_module"},{"filename":"<frozen importlib._bootstrap_external>","lineno":1133,"name":"get_code"},{"filename":"<frozen importlib._bootstrap_external>","lineno":1063,"name":"source_to_code"},{"filename":"<frozen importlib._bootstrap>","lineno":488,"name":"_call_with_frames_removed"}]}]}
{"timestamp":"2026-02-25T09:48:54.232920","level":"info","event":"Filling up the DagBag from /opt/airflow/dags/tasks_approach.py","logger":"airflow.models.dagbag.DagBag"}
{"timestamp":"2026-02-25T09:48:59.761551","level":"info","event":"Filling up the DagBag from /opt/airflow/dags/tasks_approach.py","logger":"airflow.models.dagbag.DagBag"}
{"timestamp":"2026-02-25T09:49:08.732399","level":"info","event":"Filling up the DagBag from /opt/airflow/dags/tasks_approach.py","logger":"airflow.models.dagbag.DagBag"}
{"timestamp":"2026-02-25T09:49:15.237433","level":"info","event":"Filling up the DagBag from /opt/airflow/dags/tasks_approach.py","logger":"airflow.models.dagbag.DagBag"}
{"timestamp":"2026-02-25T09:49:16.688137","level":"info","event":"Filling up the DagBag from /opt/airflow/dags/tasks_approach.py","logger":"airflow.models.dagbag.DagBag"}
{"timestamp":"2026-02-25T09:49:18.398797","level":"info","event":"Filling up the DagBag from /opt/airflow/dags/tasks_approach.py","logger":"airflow.models.dagbag.DagBag"}
{"timestamp":"2026-02-25T09:49:19.881738","level":"info","event":"Filling up the DagBag from /opt/airflow/dags/tasks_approach.py","logger":"airflow.models.dagbag.DagBag"}
{"timestamp":"2026-02-25T09:49:26.497724","level":"info","event":"Filling up the DagBag from /opt/airflow/dags/tasks_approach.py","logger":"airflow.models.dagbag.DagBag"}
{"timestamp":"2026-02-25T09:49:27.974759","level":"info","event":"Filling up the DagBag from /opt/airflow/dags/tasks_approach.py","logger":"airflow.models.dagbag.DagBag"}
{"timestamp":"2026-02-25T09:49:29.381591","level":"info","event":"Filling up the DagBag from /opt/airflow/dags/tasks_approach.py","logger":"airflow.models.dagbag.DagBag"}
{"timestamp":"2026-02-25T09:49:38.497079","level":"info","event":"Filling up the DagBag from /opt/airflow/dags/tasks_approach.py","logger":"airflow.models.dagbag.DagBag"}
{"timestamp":"2026-02-25T09:49:45.010811","level":"info","event":"Filling up the DagBag from /opt/airflow/dags/tasks_approach.py","logger":"airflow.models.dagbag.DagBag"}
{"timestamp":"2026-02-25T09:49:46.368449","level":"info","event":"Filling up the DagBag from /opt/airflow/dags/tasks_approach.py","logger":"airflow.models.dagbag.DagBag"}
{"timestamp":"2026-02-25T09:49:53.185815","level":"info","event":"Filling up the DagBag from /opt/airflow/dags/tasks_approach.py","logger":"airflow.models.dagbag.DagBag"}
{"timestamp":"2026-02-25T09:50:17.507634","level":"info","event":"Filling up the DagBag from /opt/airflow/dags/tasks_approach.py","logger":"airflow.models.dagbag.DagBag"}
{"timestamp":"2026-02-25T09:50:48.108136","level":"info","event":"Filling up the DagBag from /opt/airflow/dags/tasks_approach.py","logger":"airflow.models.dagbag.DagBag"}
{"timestamp":"2026-02-25T09:51:18.802019","level":"info","event":"Filling up the DagBag from /opt/airflow/dags/tasks_approach.py","logger":"airflow.models.dagbag.DagBag"}
{"timestamp":"2026-02-25T09:51:49.654235","level":"info","event":"Filling up the DagBag from /opt/airflow/dags/tasks_approach.py","logger":"airflow.models.dagbag.DagBag"}
{"timestamp":"2026-02-25T09:52:20.436667","level":"info","event":"Filling up the DagBag from /opt/airflow/dags/tasks_approach.py","logger":"airflow.models.dagbag.DagBag"}
{"timestamp":"2026-02-25T09:52:51.077678","level":"info","event":"Filling up the DagBag from /opt/airflow/dags/tasks_approach.py","logger":"airflow.models.dagbag.DagBag"}
{"timestamp":"2026-02-25T09:53:18.699310","level":"info","event":"Filling up the DagBag from /opt/airflow/dags/tasks_approach.py","logger":"airflow.models.dagbag.DagBag"}
{"timestamp":"2026-02-25T09:53:49.491785","level":"info","event":"Filling up the DagBag from /opt/airflow/dags/tasks_approach.py","logger":"airflow.models.dagbag.DagBag"}
{"timestamp":"2026-02-25T09:53:50.853902","level":"info","event":"Filling up the DagBag from /opt/airflow/dags/tasks_approach.py","logger":"airflow.models.dagbag.DagBag"}
{"timestamp":"2026-02-25T09:53:53.291634","level":"info","event":"Filling up the DagBag from /opt/airflow/dags/tasks_approach.py","logger":"airflow.models.dagbag.DagBag"}
{"timestamp":"2026-02-25T09:53:53.333446","level":"error","event":"Failed to import: /opt/airflow/dags/tasks_approach.py","logger":"airflow.models.dagbag.DagBag","error_detail":[{"exc_type":"SyntaxError","exc_value":"'[' was never closed (tasks_approach.py, line 70)","exc_notes":[],"syntax_error":{"offset":21,"filename":"/opt/airflow/dags/tasks_approach.py","line":"    process_data >> [store_data\n","lineno":70,"msg":"'[' was never closed"},"is_cause":false,"frames":[{"filename":"/home/airflow/.local/lib/python3.12/site-packages/airflow/models/dagbag.py","lineno":384,"name":"parse"},{"filename":"<frozen importlib._bootstrap_external>","lineno":995,"name":"exec_module"},{"filename":"<frozen importlib._bootstrap_external>","lineno":1133,"name":"get_code"},{"filename":"<frozen importlib._bootstrap_external>","lineno":1063,"name":"source_to_code"},{"filename":"<frozen importlib._bootstrap>","lineno":488,"name":"_call_with_frames_removed"}]}]}
{"timestamp":"2026-02-25T09:53:55.614938","level":"info","event":"Filling up the DagBag from /opt/airflow/dags/tasks_approach.py","logger":"airflow.models.dagbag.DagBag"}
{"timestamp":"2026-02-25T09:53:55.673838","level":"error","event":"Failed to import: /opt/airflow/dags/tasks_approach.py","logger":"airflow.models.dagbag.DagBag","error_detail":[{"exc_type":"SyntaxError","exc_value":"'[' was never closed (tasks_approach.py, line 70)","exc_notes":[],"syntax_error":{"offset":21,"filename":"/opt/airflow/dags/tasks_approach.py","line":"    process_data >> [creatstore_data\n","lineno":70,"msg":"'[' was never closed"},"is_cause":false,"frames":[{"filename":"/home/airflow/.local/lib/python3.12/site-packages/airflow/models/dagbag.py","lineno":384,"name":"parse"},{"filename":"<frozen importlib._bootstrap_external>","lineno":995,"name":"exec_module"},{"filename":"<frozen importlib._bootstrap_external>","lineno":1133,"name":"get_code"},{"filename":"<frozen importlib._bootstrap_external>","lineno":1063,"name":"source_to_code"},{"filename":"<frozen importlib._bootstrap>","lineno":488,"name":"_call_with_frames_removed"}]}]}
{"timestamp":"2026-02-25T09:53:57.076572","level":"info","event":"Filling up the DagBag from /opt/airflow/dags/tasks_approach.py","logger":"airflow.models.dagbag.DagBag"}
{"timestamp":"2026-02-25T09:53:57.152591","level":"error","event":"Failed to import: /opt/airflow/dags/tasks_approach.py","logger":"airflow.models.dagbag.DagBag","error_detail":[{"exc_type":"SyntaxError","exc_value":"'[' was never closed (tasks_approach.py, line 70)","exc_notes":[],"syntax_error":{"offset":21,"filename":"/opt/airflow/dags/tasks_approach.py","line":"    process_data >> [creat, store_data\n","lineno":70,"msg":"'[' was never closed"},"is_cause":false,"frames":[{"filename":"/home/airflow/.local/lib/python3.12/site-packages/airflow/models/dagbag.py","lineno":384,"name":"parse"},{"filename":"<frozen importlib._bootstrap_external>","lineno":995,"name":"exec_module"},{"filename":"<frozen importlib._bootstrap_external>","lineno":1133,"name":"get_code"},{"filename":"<frozen importlib._bootstrap_external>","lineno":1063,"name":"source_to_code"},{"filename":"<frozen importlib._bootstrap>","lineno":488,"name":"_call_with_frames_removed"}]}]}
{"timestamp":"2026-02-25T09:53:58.437993","level":"info","event":"Filling up the DagBag from /opt/airflow/dags/tasks_approach.py","logger":"airflow.models.dagbag.DagBag"}
{"timestamp":"2026-02-25T09:53:58.472643","level":"error","event":"Failed to import: /opt/airflow/dags/tasks_approach.py","logger":"airflow.models.dagbag.DagBag","error_detail":[{"exc_type":"SyntaxError","exc_value":"'[' was never closed (tasks_approach.py, line 70)","exc_notes":[],"syntax_error":{"offset":21,"filename":"/opt/airflow/dags/tasks_approach.py","line":"    process_data >> [create, store_data\n","lineno":70,"msg":"'[' was never closed"},"is_cause":false,"frames":[{"filename":"/home/airflow/.local/lib/python3.12/site-packages/airflow/models/dagbag.py","lineno":384,"name":"parse"},{"filename":"<frozen importlib._bootstrap_external>","lineno":995,"name":"exec_module"},{"filename":"<frozen importlib._bootstrap_external>","lineno":1133,"name":"get_code"},{"filename":"<frozen importlib._bootstrap_external>","lineno":1063,"name":"source_to_code"},{"filename":"<frozen importlib._bootstrap>","lineno":488,"name":"_call_with_frames_removed"}]}]}
{"timestamp":"2026-02-25T09:54:00.725720","level":"info","event":"Filling up the DagBag from /opt/airflow/dags/tasks_approach.py","logger":"airflow.models.dagbag.DagBag"}
{"timestamp":"2026-02-25T09:54:00.763056","level":"error","event":"Failed to import: /opt/airflow/dags/tasks_approach.py","logger":"airflow.models.dagbag.DagBag","error_detail":[{"exc_type":"SyntaxError","exc_value":"'[' was never closed (tasks_approach.py, line 70)","exc_notes":[],"syntax_error":{"offset":21,"filename":"/opt/airflow/dags/tasks_approach.py","line":"    process_data >> [create_, store_data\n","lineno":70,"msg":"'[' was never closed"},"is_cause":false,"frames":[{"filename":"/home/airflow/.local/lib/python3.12/site-packages/airflow/models/dagbag.py","lineno":384,"name":"parse"},{"filename":"<frozen importlib._bootstrap_external>","lineno":995,"name":"exec_module"},{"filename":"<frozen importlib._bootstrap_external>","lineno":1133,"name":"get_code"},{"filename":"<frozen importlib._bootstrap_external>","lineno":1063,"name":"source_to_code"},{"filename":"<frozen importlib._bootstrap>","lineno":488,"name":"_call_with_frames_removed"}]}]}
{"timestamp":"2026-02-25T09:54:03.067642","level":"info","event":"Filling up the DagBag from /opt/airflow/dags/tasks_approach.py","logger":"airflow.models.dagbag.DagBag"}
{"timestamp":"2026-02-25T09:54:03.116024","level":"error","event":"Failed to import: /opt/airflow/dags/tasks_approach.py","logger":"airflow.models.dagbag.DagBag","error_detail":[{"exc_type":"SyntaxError","exc_value":"'[' was never closed (tasks_approach.py, line 70)","exc_notes":[],"syntax_error":{"offset":21,"filename":"/opt/airflow/dags/tasks_approach.py","line":"    process_data >> [create_table, store_data\n","lineno":70,"msg":"'[' was never closed"},"is_cause":false,"frames":[{"filename":"/home/airflow/.local/lib/python3.12/site-packages/airflow/models/dagbag.py","lineno":384,"name":"parse"},{"filename":"<frozen importlib._bootstrap_external>","lineno":995,"name":"exec_module"},{"filename":"<frozen importlib._bootstrap_external>","lineno":1133,"name":"get_code"},{"filename":"<frozen importlib._bootstrap_external>","lineno":1063,"name":"source_to_code"},{"filename":"<frozen importlib._bootstrap>","lineno":488,"name":"_call_with_frames_removed"}]}]}
{"timestamp":"2026-02-25T09:54:05.451146","level":"info","event":"Filling up the DagBag from /opt/airflow/dags/tasks_approach.py","logger":"airflow.models.dagbag.DagBag"}
{"timestamp":"2026-02-25T09:54:10.978337","level":"info","event":"Filling up the DagBag from /opt/airflow/dags/tasks_approach.py","logger":"airflow.models.dagbag.DagBag"}
{"timestamp":"2026-02-25T09:54:42.215743","level":"info","event":"Filling up the DagBag from /opt/airflow/dags/tasks_approach.py","logger":"airflow.models.dagbag.DagBag"}
{"timestamp":"2026-02-25T09:55:12.647537","level":"info","event":"Filling up the DagBag from /opt/airflow/dags/tasks_approach.py","logger":"airflow.models.dagbag.DagBag"}
{"timestamp":"2026-02-25T09:55:18.511924","level":"info","event":"Filling up the DagBag from /opt/airflow/dags/tasks_approach.py","logger":"airflow.models.dagbag.DagBag"}
{"timestamp":"2026-02-25T09:55:32.697851","level":"info","event":"Filling up the DagBag from /opt/airflow/dags/tasks_approach.py","logger":"airflow.models.dagbag.DagBag"}
{"timestamp":"2026-02-25T09:55:35.095601","level":"info","event":"Filling up the DagBag from /opt/airflow/dags/tasks_approach.py","logger":"airflow.models.dagbag.DagBag"}
{"timestamp":"2026-02-25T09:55:36.538868","level":"info","event":"Filling up the DagBag from /opt/airflow/dags/tasks_approach.py","logger":"airflow.models.dagbag.DagBag"}
{"timestamp":"2026-02-25T09:55:39.964020","level":"info","event":"Filling up the DagBag from /opt/airflow/dags/tasks_approach.py","logger":"airflow.models.dagbag.DagBag"}
{"timestamp":"2026-02-25T09:55:41.347661","level":"info","event":"Filling up the DagBag from /opt/airflow/dags/tasks_approach.py","logger":"airflow.models.dagbag.DagBag"}
{"timestamp":"2026-02-25T09:55:45.015318","level":"info","event":"Filling up the DagBag from /opt/airflow/dags/tasks_approach.py","logger":"airflow.models.dagbag.DagBag"}
{"timestamp":"2026-02-25T09:55:51.208323","level":"info","event":"Filling up the DagBag from /opt/airflow/dags/tasks_approach.py","logger":"airflow.models.dagbag.DagBag"}
{"timestamp":"2026-02-25T09:56:02.206118","level":"info","event":"Filling up the DagBag from /opt/airflow/dags/tasks_approach.py","logger":"airflow.models.dagbag.DagBag"}
{"timestamp":"2026-02-25T09:56:04.543099","level":"info","event":"Filling up the DagBag from /opt/airflow/dags/tasks_approach.py","logger":"airflow.models.dagbag.DagBag"}
{"timestamp":"2026-02-25T09:56:07.102307","level":"info","event":"Filling up the DagBag from /opt/airflow/dags/tasks_approach.py","logger":"airflow.models.dagbag.DagBag"}
{"timestamp":"2026-02-25T09:56:10.683008","level":"info","event":"Filling up the DagBag from /opt/airflow/dags/tasks_approach.py","logger":"airflow.models.dagbag.DagBag"}
{"timestamp":"2026-02-25T09:56:26.593460","level":"info","event":"Filling up the DagBag from /opt/airflow/dags/tasks_approach.py","logger":"airflow.models.dagbag.DagBag"}
{"timestamp":"2026-02-25T09:56:34.119194","level":"info","event":"Filling up the DagBag from /opt/airflow/dags/tasks_approach.py","logger":"airflow.models.dagbag.DagBag"}
{"timestamp":"2026-02-25T09:56:35.489879","level":"info","event":"Filling up the DagBag from /opt/airflow/dags/tasks_approach.py","logger":"airflow.models.dagbag.DagBag"}
{"timestamp":"2026-02-25T09:57:05.843555","level":"info","event":"Filling up the DagBag from /opt/airflow/dags/tasks_approach.py","logger":"airflow.models.dagbag.DagBag"}
{"timestamp":"2026-02-25T09:57:37.116642","level":"info","event":"Filling up the DagBag from /opt/airflow/dags/tasks_approach.py","logger":"airflow.models.dagbag.DagBag"}
{"timestamp":"2026-02-25T09:58:08.143890","level":"info","event":"Filling up the DagBag from /opt/airflow/dags/tasks_approach.py","logger":"airflow.models.dagbag.DagBag"}
{"timestamp":"2026-02-25T09:58:34.856331","level":"info","event":"Filling up the DagBag from /opt/airflow/dags/tasks_approach.py","logger":"airflow.models.dagbag.DagBag"}
{"timestamp":"2026-02-25T09:58:34.886162","level":"error","event":"Failed to import: /opt/airflow/dags/tasks_approach.py","logger":"airflow.models.dagbag.DagBag","error_detail":[{"exc_type":"SyntaxError","exc_value":"unmatched ']' (tasks_approach.py, line 70)","exc_notes":[],"syntax_error":{"offset":31,"filename":"/opt/airflow/dags/tasks_approach.py","line":"    process_data >> store_data]","lineno":70,"msg":"unmatched ']'"},"is_cause":false,"frames":[{"filename":"/home/airflow/.local/lib/python3.12/site-packages/airflow/models/dagbag.py","lineno":384,"name":"parse"},{"filename":"<frozen importlib._bootstrap_external>","lineno":995,"name":"exec_module"},{"filename":"<frozen importlib._bootstrap_external>","lineno":1133,"name":"get_code"},{"filename":"<frozen importlib._bootstrap_external>","lineno":1063,"name":"source_to_code"},{"filename":"<frozen importlib._bootstrap>","lineno":488,"name":"_call_with_frames_removed"}]}]}
{"timestamp":"2026-02-25T09:58:38.146097","level":"info","event":"Filling up the DagBag from /opt/airflow/dags/tasks_approach.py","logger":"airflow.models.dagbag.DagBag"}
{"timestamp":"2026-02-25T09:58:41.788960","level":"info","event":"Filling up the DagBag from /opt/airflow/dags/tasks_approach.py","logger":"airflow.models.dagbag.DagBag"}
{"timestamp":"2026-02-25T09:58:41.892662","level":"error","event":"Failed to import: /opt/airflow/dags/tasks_approach.py","logger":"airflow.models.dagbag.DagBag","error_detail":[{"exc_type":"NameError","exc_value":"name 'crprocess_data' is not defined","exc_notes":[],"syntax_error":null,"is_cause":false,"frames":[{"filename":"/home/airflow/.local/lib/python3.12/site-packages/airflow/models/dagbag.py","lineno":384,"name":"parse"},{"filename":"<frozen importlib._bootstrap_external>","lineno":999,"name":"exec_module"},{"filename":"<frozen importlib._bootstrap>","lineno":488,"name":"_call_with_frames_removed"},{"filename":"/opt/airflow/dags/tasks_approach.py","lineno":74,"name":"<module>"},{"filename":"/home/airflow/.local/lib/python3.12/site-packages/airflow/sdk/definitions/dag.py","lineno":1138,"name":"factory"},{"filename":"/opt/airflow/dags/tasks_approach.py","lineno":70,"name":"task_user_processing"}]}]}
{"timestamp":"2026-02-25T09:58:44.260529","level":"info","event":"Filling up the DagBag from /opt/airflow/dags/tasks_approach.py","logger":"airflow.models.dagbag.DagBag"}
{"timestamp":"2026-02-25T09:58:44.390195","level":"error","event":"Failed to import: /opt/airflow/dags/tasks_approach.py","logger":"airflow.models.dagbag.DagBag","error_detail":[{"exc_type":"NameError","exc_value":"name 'create_tableprocess_data' is not defined","exc_notes":[],"syntax_error":null,"is_cause":false,"frames":[{"filename":"/home/airflow/.local/lib/python3.12/site-packages/airflow/models/dagbag.py","lineno":384,"name":"parse"},{"filename":"<frozen importlib._bootstrap_external>","lineno":999,"name":"exec_module"},{"filename":"<frozen importlib._bootstrap>","lineno":488,"name":"_call_with_frames_removed"},{"filename":"/opt/airflow/dags/tasks_approach.py","lineno":74,"name":"<module>"},{"filename":"/home/airflow/.local/lib/python3.12/site-packages/airflow/sdk/definitions/dag.py","lineno":1138,"name":"factory"},{"filename":"/opt/airflow/dags/tasks_approach.py","lineno":70,"name":"task_user_processing"}]}]}
{"timestamp":"2026-02-25T09:58:47.702141","level":"info","event":"Filling up the DagBag from /opt/airflow/dags/tasks_approach.py","logger":"airflow.models.dagbag.DagBag"}
{"timestamp":"2026-02-25T09:58:59.873302","level":"info","event":"Filling up the DagBag from /opt/airflow/dags/tasks_approach.py","logger":"airflow.models.dagbag.DagBag"}
{"timestamp":"2026-02-25T09:59:03.327418","level":"info","event":"Filling up the DagBag from /opt/airflow/dags/tasks_approach.py","logger":"airflow.models.dagbag.DagBag"}
{"timestamp":"2026-02-25T09:59:29.746594","level":"info","event":"Filling up the DagBag from /opt/airflow/dags/tasks_approach.py","logger":"airflow.models.dagbag.DagBag"}
{"timestamp":"2026-02-25T09:59:29.909615","level":"error","event":"Failed to import: /opt/airflow/dags/tasks_approach.py","logger":"airflow.models.dagbag.DagBag","error_detail":[{"exc_type":"NameError","exc_value":"name 'fake_user' is not defined","exc_notes":[],"syntax_error":null,"is_cause":false,"frames":[{"filename":"/home/airflow/.local/lib/python3.12/site-packages/airflow/models/dagbag.py","lineno":384,"name":"parse"},{"filename":"<frozen importlib._bootstrap_external>","lineno":999,"name":"exec_module"},{"filename":"<frozen importlib._bootstrap>","lineno":488,"name":"_call_with_frames_removed"},{"filename":"/opt/airflow/dags/tasks_approach.py","lineno":74,"name":"<module>"},{"filename":"/home/airflow/.local/lib/python3.12/site-packages/airflow/sdk/definitions/dag.py","lineno":1138,"name":"factory"},{"filename":"/opt/airflow/dags/tasks_approach.py","lineno":66,"name":"task_user_processing"}]}]}
{"timestamp":"2026-02-25T09:59:32.527710","level":"info","event":"Filling up the DagBag from /opt/airflow/dags/tasks_approach.py","logger":"airflow.models.dagbag.DagBag"}
{"timestamp":"2026-02-25T09:59:32.649989","level":"error","event":"Failed to import: /opt/airflow/dags/tasks_approach.py","logger":"airflow.models.dagbag.DagBag","error_detail":[{"exc_type":"NameError","exc_value":"name 'fake_user' is not defined","exc_notes":[],"syntax_error":null,"is_cause":false,"frames":[{"filename":"/home/airflow/.local/lib/python3.12/site-packages/airflow/models/dagbag.py","lineno":384,"name":"parse"},{"filename":"<frozen importlib._bootstrap_external>","lineno":999,"name":"exec_module"},{"filename":"<frozen importlib._bootstrap>","lineno":488,"name":"_call_with_frames_removed"},{"filename":"/opt/airflow/dags/tasks_approach.py","lineno":74,"name":"<module>"},{"filename":"/home/airflow/.local/lib/python3.12/site-packages/airflow/sdk/definitions/dag.py","lineno":1138,"name":"factory"},{"filename":"/opt/airflow/dags/tasks_approach.py","lineno":66,"name":"task_user_processing"}]}]}
{"timestamp":"2026-02-25T09:59:37.197799","level":"info","event":"Filling up the DagBag from /opt/airflow/dags/tasks_approach.py","logger":"airflow.models.dagbag.DagBag"}
{"timestamp":"2026-02-25T10:00:07.665789","level":"info","event":"Filling up the DagBag from /opt/airflow/dags/tasks_approach.py","logger":"airflow.models.dagbag.DagBag"}
{"timestamp":"2026-02-25T10:00:38.542941","level":"info","event":"Filling up the DagBag from /opt/airflow/dags/tasks_approach.py","logger":"airflow.models.dagbag.DagBag"}
{"timestamp":"2026-02-25T10:01:09.588613","level":"info","event":"Filling up the DagBag from /opt/airflow/dags/tasks_approach.py","logger":"airflow.models.dagbag.DagBag"}
{"timestamp":"2026-02-25T10:01:40.689044","level":"info","event":"Filling up the DagBag from /opt/airflow/dags/tasks_approach.py","logger":"airflow.models.dagbag.DagBag"}
{"timestamp":"2026-02-25T10:02:11.770231","level":"info","event":"Filling up the DagBag from /opt/airflow/dags/tasks_approach.py","logger":"airflow.models.dagbag.DagBag"}
{"timestamp":"2026-02-25T10:02:42.644445","level":"info","event":"Filling up the DagBag from /opt/airflow/dags/tasks_approach.py","logger":"airflow.models.dagbag.DagBag"}
{"timestamp":"2026-02-25T10:03:13.672840","level":"info","event":"Filling up the DagBag from /opt/airflow/dags/tasks_approach.py","logger":"airflow.models.dagbag.DagBag"}
{"timestamp":"2026-02-25T10:03:44.549269","level":"info","event":"Filling up the DagBag from /opt/airflow/dags/tasks_approach.py","logger":"airflow.models.dagbag.DagBag"}
{"timestamp":"2026-02-25T10:03:59.491003","level":"info","event":"Filling up the DagBag from /opt/airflow/dags/tasks_approach.py","logger":"airflow.models.dagbag.DagBag"}
{"timestamp":"2026-02-25T10:04:30.353477","level":"info","event":"Filling up the DagBag from /opt/airflow/dags/tasks_approach.py","logger":"airflow.models.dagbag.DagBag"}
{"timestamp":"2026-02-25T10:05:01.373086","level":"info","event":"Filling up the DagBag from /opt/airflow/dags/tasks_approach.py","logger":"airflow.models.dagbag.DagBag"}
{"timestamp":"2026-02-25T10:05:31.726363","level":"info","event":"Filling up the DagBag from /opt/airflow/dags/tasks_approach.py","logger":"airflow.models.dagbag.DagBag"}
{"timestamp":"2026-02-25T10:06:02.756914","level":"info","event":"Filling up the DagBag from /opt/airflow/dags/tasks_approach.py","logger":"airflow.models.dagbag.DagBag"}
{"timestamp":"2026-02-25T10:06:34.134508","level":"info","event":"Filling up the DagBag from /opt/airflow/dags/tasks_approach.py","logger":"airflow.models.dagbag.DagBag"}
{"timestamp":"2026-02-25T10:07:04.963481","level":"info","event":"Filling up the DagBag from /opt/airflow/dags/tasks_approach.py","logger":"airflow.models.dagbag.DagBag"}
{"timestamp":"2026-02-25T10:07:17.648259","level":"info","event":"Filling up the DagBag from /opt/airflow/dags/tasks_approach.py","logger":"airflow.models.dagbag.DagBag"}
{"timestamp":"2026-02-25T10:07:48.241007","level":"info","event":"Filling up the DagBag from /opt/airflow/dags/tasks_approach.py","logger":"airflow.models.dagbag.DagBag"}
{"timestamp":"2026-02-25T10:08:18.944752","level":"info","event":"Filling up the DagBag from /opt/airflow/dags/tasks_approach.py","logger":"airflow.models.dagbag.DagBag"}
{"timestamp":"2026-02-25T10:08:50.035725","level":"info","event":"Filling up the DagBag from /opt/airflow/dags/tasks_approach.py","logger":"airflow.models.dagbag.DagBag"}
{"timestamp":"2026-02-25T10:09:20.711884","level":"info","event":"Filling up the DagBag from /opt/airflow/dags/tasks_approach.py","logger":"airflow.models.dagbag.DagBag"}
{"timestamp":"2026-02-25T10:09:51.909433","level":"info","event":"Filling up the DagBag from /opt/airflow/dags/tasks_approach.py","logger":"airflow.models.dagbag.DagBag"}
{"timestamp":"2026-02-25T10:10:22.762966","level":"info","event":"Filling up the DagBag from /opt/airflow/dags/tasks_approach.py","logger":"airflow.models.dagbag.DagBag"}
{"timestamp":"2026-02-25T10:10:53.592458","level":"info","event":"Filling up the DagBag from /opt/airflow/dags/tasks_approach.py","logger":"airflow.models.dagbag.DagBag"}
{"timestamp":"2026-02-25T10:11:24.499887","level":"info","event":"Filling up the DagBag from /opt/airflow/dags/tasks_approach.py","logger":"airflow.models.dagbag.DagBag"}
{"timestamp":"2026-02-25T10:11:55.249383","level":"info","event":"Filling up the DagBag from /opt/airflow/dags/tasks_approach.py","logger":"airflow.models.dagbag.DagBag"}
{"timestamp":"2026-02-25T10:12:26.030162","level":"info","event":"Filling up the DagBag from /opt/airflow/dags/tasks_approach.py","logger":"airflow.models.dagbag.DagBag"}
{"timestamp":"2026-02-25T10:12:56.985312","level":"info","event":"Filling up the DagBag from /opt/airflow/dags/tasks_approach.py","logger":"airflow.models.dagbag.DagBag"}
{"timestamp":"2026-02-25T10:13:27.960249","level":"info","event":"Filling up the DagBag from /opt/airflow/dags/tasks_approach.py","logger":"airflow.models.dagbag.DagBag"}
{"timestamp":"2026-02-25T10:13:58.565850","level":"info","event":"Filling up the DagBag from /opt/airflow/dags/tasks_approach.py","logger":"airflow.models.dagbag.DagBag"}
{"timestamp":"2026-02-25T10:14:29.366953","level":"info","event":"Filling up the DagBag from /opt/airflow/dags/tasks_approach.py","logger":"airflow.models.dagbag.DagBag"}
{"timestamp":"2026-02-25T10:15:00.033316","level":"info","event":"Filling up the DagBag from /opt/airflow/dags/tasks_approach.py","logger":"airflow.models.dagbag.DagBag"}
{"timestamp":"2026-02-25T10:15:30.945275","level":"info","event":"Filling up the DagBag from /opt/airflow/dags/tasks_approach.py","logger":"airflow.models.dagbag.DagBag"}
{"timestamp":"2026-02-25T10:16:02.041005","level":"info","event":"Filling up the DagBag from /opt/airflow/dags/tasks_approach.py","logger":"airflow.models.dagbag.DagBag"}
{"timestamp":"2026-02-25T10:16:32.572499","level":"info","event":"Filling up the DagBag from /opt/airflow/dags/tasks_approach.py","logger":"airflow.models.dagbag.DagBag"}
{"timestamp":"2026-02-25T10:17:04.012880","level":"info","event":"Filling up the DagBag from /opt/airflow/dags/tasks_approach.py","logger":"airflow.models.dagbag.DagBag"}
{"timestamp":"2026-02-25T10:17:35.171372","level":"info","event":"Filling up the DagBag from /opt/airflow/dags/tasks_approach.py","logger":"airflow.models.dagbag.DagBag"}
{"timestamp":"2026-02-25T10:18:06.031247","level":"info","event":"Filling up the DagBag from /opt/airflow/dags/tasks_approach.py","logger":"airflow.models.dagbag.DagBag"}
{"timestamp":"2026-02-25T10:18:36.722716","level":"info","event":"Filling up the DagBag from /opt/airflow/dags/tasks_approach.py","logger":"airflow.models.dagbag.DagBag"}
{"timestamp":"2026-02-25T10:19:07.163540","level":"info","event":"Filling up the DagBag from /opt/airflow/dags/tasks_approach.py","logger":"airflow.models.dagbag.DagBag"}
{"timestamp":"2026-02-25T10:19:37.909007","level":"info","event":"Filling up the DagBag from /opt/airflow/dags/tasks_approach.py","logger":"airflow.models.dagbag.DagBag"}
{"timestamp":"2026-02-25T10:20:08.798971","level":"info","event":"Filling up the DagBag from /opt/airflow/dags/tasks_approach.py","logger":"airflow.models.dagbag.DagBag"}
{"timestamp":"2026-02-25T10:20:39.935130","level":"info","event":"Filling up the DagBag from /opt/airflow/dags/tasks_approach.py","logger":"airflow.models.dagbag.DagBag"}
{"timestamp":"2026-02-25T10:21:11.003367","level":"info","event":"Filling up the DagBag from /opt/airflow/dags/tasks_approach.py","logger":"airflow.models.dagbag.DagBag"}
{"timestamp":"2026-02-25T10:21:42.066384","level":"info","event":"Filling up the DagBag from /opt/airflow/dags/tasks_approach.py","logger":"airflow.models.dagbag.DagBag"}
{"timestamp":"2026-02-25T10:22:12.971476","level":"info","event":"Filling up the DagBag from /opt/airflow/dags/tasks_approach.py","logger":"airflow.models.dagbag.DagBag"}
