{"timestamp":"2026-02-25T00:00:31.334044","level":"info","event":"Filling up the DagBag from /opt/airflow/dags/user_profile_sensor.py","logger":"airflow.models.dagbag.DagBag"}
{"timestamp":"2026-02-25T04:01:23.489262","level":"info","event":"Filling up the DagBag from /opt/airflow/dags/user_profile_sensor.py","logger":"airflow.models.dagbag.DagBag"}
{"timestamp":"2026-02-25T09:12:32.370511","level":"info","event":"Filling up the DagBag from /opt/airflow/dags/user_profile_sensor.py","logger":"airflow.models.dagbag.DagBag"}
{"timestamp":"2026-02-25T09:13:03.339402","level":"info","event":"Filling up the DagBag from /opt/airflow/dags/user_profile_sensor.py","logger":"airflow.models.dagbag.DagBag"}
{"timestamp":"2026-02-25T09:13:34.811215","level":"info","event":"Filling up the DagBag from /opt/airflow/dags/user_profile_sensor.py","logger":"airflow.models.dagbag.DagBag"}
{"timestamp":"2026-02-25T09:14:05.448691","level":"info","event":"Filling up the DagBag from /opt/airflow/dags/user_profile_sensor.py","logger":"airflow.models.dagbag.DagBag"}
{"timestamp":"2026-02-25T09:14:36.551558","level":"info","event":"Filling up the DagBag from /opt/airflow/dags/user_profile_sensor.py","logger":"airflow.models.dagbag.DagBag"}
{"timestamp":"2026-02-25T09:15:37.840774","level":"info","event":"Filling up the DagBag from /opt/airflow/dags/user_profile_sensor.py","logger":"airflow.models.dagbag.DagBag"}
{"timestamp":"2026-02-25T09:17:09.733418","level":"info","event":"Filling up the DagBag from /opt/airflow/dags/user_profile_sensor.py","logger":"airflow.models.dagbag.DagBag"}
{"timestamp":"2026-02-25T09:18:11.056512","level":"info","event":"Filling up the DagBag from /opt/airflow/dags/user_profile_sensor.py","logger":"airflow.models.dagbag.DagBag"}
{"timestamp":"2026-02-25T09:19:12.281081","level":"info","event":"Filling up the DagBag from /opt/airflow/dags/user_profile_sensor.py","logger":"airflow.models.dagbag.DagBag"}
{"timestamp":"2026-02-25T09:19:47.700662","level":"info","event":"Filling up the DagBag from /opt/airflow/dags/user_profile_sensor.py","logger":"airflow.models.dagbag.DagBag"}
{"timestamp":"2026-02-25T09:20:18.427963","level":"info","event":"Filling up the DagBag from /opt/airflow/dags/user_profile_sensor.py","logger":"airflow.models.dagbag.DagBag"}
{"timestamp":"2026-02-25T09:20:53.893791","level":"info","event":"Filling up the DagBag from /opt/airflow/dags/user_profile_sensor.py","logger":"airflow.models.dagbag.DagBag"}
{"timestamp":"2026-02-25T09:22:30.043653","level":"info","event":"Filling up the DagBag from /opt/airflow/dags/user_profile_sensor.py","logger":"airflow.models.dagbag.DagBag"}
{"timestamp":"2026-02-25T09:23:05.346184","level":"info","event":"Filling up the DagBag from /opt/airflow/dags/user_profile_sensor.py","logger":"airflow.models.dagbag.DagBag"}
{"timestamp":"2026-02-25T09:25:37.035590","level":"info","event":"Filling up the DagBag from /opt/airflow/dags/user_profile_sensor.py","logger":"airflow.models.dagbag.DagBag"}
{"timestamp":"2026-02-25T09:26:07.483938","level":"info","event":"Filling up the DagBag from /opt/airflow/dags/user_profile_sensor.py","logger":"airflow.models.dagbag.DagBag"}
{"timestamp":"2026-02-25T09:26:42.994073","level":"info","event":"Filling up the DagBag from /opt/airflow/dags/user_profile_sensor.py","logger":"airflow.models.dagbag.DagBag"}
{"timestamp":"2026-02-25T09:27:14.088151","level":"info","event":"Filling up the DagBag from /opt/airflow/dags/user_profile_sensor.py","logger":"airflow.models.dagbag.DagBag"}
{"timestamp":"2026-02-25T09:27:44.409305","level":"info","event":"Filling up the DagBag from /opt/airflow/dags/user_profile_sensor.py","logger":"airflow.models.dagbag.DagBag"}
{"timestamp":"2026-02-25T09:28:15.244367","level":"info","event":"Filling up the DagBag from /opt/airflow/dags/user_profile_sensor.py","logger":"airflow.models.dagbag.DagBag"}
{"timestamp":"2026-02-25T09:28:50.461602","level":"info","event":"Filling up the DagBag from /opt/airflow/dags/user_profile_sensor.py","logger":"airflow.models.dagbag.DagBag"}
{"timestamp":"2026-02-25T09:29:26.038747","level":"info","event":"Filling up the DagBag from /opt/airflow/dags/user_profile_sensor.py","logger":"airflow.models.dagbag.DagBag"}
{"timestamp":"2026-02-25T09:30:30.588532","level":"info","event":"Filling up the DagBag from /opt/airflow/dags/user_profile_sensor.py","logger":"airflow.models.dagbag.DagBag"}
{"timestamp":"2026-02-25T09:31:00.982397","level":"info","event":"Filling up the DagBag from /opt/airflow/dags/user_profile_sensor.py","logger":"airflow.models.dagbag.DagBag"}
{"timestamp":"2026-02-25T09:31:31.588878","level":"info","event":"Filling up the DagBag from /opt/airflow/dags/user_profile_sensor.py","logger":"airflow.models.dagbag.DagBag"}
{"timestamp":"2026-02-25T09:32:33.760529","level":"info","event":"Filling up the DagBag from /opt/airflow/dags/user_profile_sensor.py","logger":"airflow.models.dagbag.DagBag"}
{"timestamp":"2026-02-25T09:33:04.613420","level":"info","event":"Filling up the DagBag from /opt/airflow/dags/user_profile_sensor.py","logger":"airflow.models.dagbag.DagBag"}
{"timestamp":"2026-02-25T09:33:35.049148","level":"info","event":"Filling up the DagBag from /opt/airflow/dags/user_profile_sensor.py","logger":"airflow.models.dagbag.DagBag"}
{"timestamp":"2026-02-25T09:34:45.981770","level":"info","event":"Filling up the DagBag from /opt/airflow/dags/user_profile_sensor.py","logger":"airflow.models.dagbag.DagBag"}
{"timestamp":"2026-02-25T09:35:21.401494","level":"info","event":"Filling up the DagBag from /opt/airflow/dags/user_profile_sensor.py","logger":"airflow.models.dagbag.DagBag"}
{"timestamp":"2026-02-25T09:35:52.118403","level":"info","event":"Filling up the DagBag from /opt/airflow/dags/user_profile_sensor.py","logger":"airflow.models.dagbag.DagBag"}
{"timestamp":"2026-02-25T09:38:00.284805","level":"info","event":"Filling up the DagBag from /opt/airflow/dags/user_profile_sensor.py","logger":"airflow.models.dagbag.DagBag"}
{"timestamp":"2026-02-25T09:38:31.763498","level":"info","event":"Filling up the DagBag from /opt/airflow/dags/user_profile_sensor.py","logger":"airflow.models.dagbag.DagBag"}
{"timestamp":"2026-02-25T09:39:54.694991","level":"info","event":"Filling up the DagBag from /opt/airflow/dags/user_profile_sensor.py","logger":"airflow.models.dagbag.DagBag"}
{"timestamp":"2026-02-25T09:40:24.960339","level":"info","event":"Filling up the DagBag from /opt/airflow/dags/user_profile_sensor.py","logger":"airflow.models.dagbag.DagBag"}
{"timestamp":"2026-02-25T09:40:55.510510","level":"info","event":"Filling up the DagBag from /opt/airflow/dags/user_profile_sensor.py","logger":"airflow.models.dagbag.DagBag"}
{"timestamp":"2026-02-25T09:41:25.995120","level":"info","event":"Filling up the DagBag from /opt/airflow/dags/user_profile_sensor.py","logger":"airflow.models.dagbag.DagBag"}
{"timestamp":"2026-02-25T09:41:56.563928","level":"info","event":"Filling up the DagBag from /opt/airflow/dags/user_profile_sensor.py","logger":"airflow.models.dagbag.DagBag"}
{"timestamp":"2026-02-25T09:42:27.010816","level":"info","event":"Filling up the DagBag from /opt/airflow/dags/user_profile_sensor.py","logger":"airflow.models.dagbag.DagBag"}
{"timestamp":"2026-02-25T09:42:57.553520","level":"info","event":"Filling up the DagBag from /opt/airflow/dags/user_profile_sensor.py","logger":"airflow.models.dagbag.DagBag"}
{"timestamp":"2026-02-25T09:43:28.676746","level":"info","event":"Filling up the DagBag from /opt/airflow/dags/user_profile_sensor.py","logger":"airflow.models.dagbag.DagBag"}
{"timestamp":"2026-02-25T09:43:59.840845","level":"info","event":"Filling up the DagBag from /opt/airflow/dags/user_profile_sensor.py","logger":"airflow.models.dagbag.DagBag"}
{"timestamp":"2026-02-25T09:44:30.415735","level":"info","event":"Filling up the DagBag from /opt/airflow/dags/user_profile_sensor.py","logger":"airflow.models.dagbag.DagBag"}
{"timestamp":"2026-02-25T09:44:54.424936","level":"info","event":"Filling up the DagBag from /opt/airflow/dags/user_profile_sensor.py","logger":"airflow.models.dagbag.DagBag"}
{"timestamp":"2026-02-25T09:44:54.471483","level":"error","event":"Failed to import: /opt/airflow/dags/user_profile_sensor.py","logger":"airflow.models.dagbag.DagBag","error_detail":[{"exc_type":"IndentationError","exc_value":"unexpected indent (user_profile_sensor.py, line 76)","exc_notes":[],"syntax_error":{"offset":8,"filename":"/opt/airflow/dags/user_profile_sensor.py","line":"        @task\n","lineno":76,"msg":"unexpected indent"},"is_cause":false,"frames":[{"filename":"/home/airflow/.local/lib/python3.12/site-packages/airflow/models/dagbag.py","lineno":384,"name":"parse"},{"filename":"<frozen importlib._bootstrap_external>","lineno":995,"name":"exec_module"},{"filename":"<frozen importlib._bootstrap_external>","lineno":1133,"name":"get_code"},{"filename":"<frozen importlib._bootstrap_external>","lineno":1063,"name":"source_to_code"},{"filename":"<frozen importlib._bootstrap>","lineno":488,"name":"_call_with_frames_removed"}]}]}
{"timestamp":"2026-02-25T09:44:56.890424","level":"info","event":"Filling up the DagBag from /opt/airflow/dags/user_profile_sensor.py","logger":"airflow.models.dagbag.DagBag"}
{"timestamp":"2026-02-25T09:44:57.039888","level":"error","event":"Failed to import: /opt/airflow/dags/user_profile_sensor.py","logger":"airflow.models.dagbag.DagBag","error_detail":[{"exc_type":"NameError","exc_value":"name 'task' is not defined","exc_notes":[],"syntax_error":null,"is_cause":false,"frames":[{"filename":"/home/airflow/.local/lib/python3.12/site-packages/airflow/models/dagbag.py","lineno":384,"name":"parse"},{"filename":"<frozen importlib._bootstrap_external>","lineno":999,"name":"exec_module"},{"filename":"<frozen importlib._bootstrap>","lineno":488,"name":"_call_with_frames_removed"},{"filename":"/opt/airflow/dags/user_profile_sensor.py","lineno":90,"name":"<module>"},{"filename":"/home/airflow/.local/lib/python3.12/site-packages/airflow/sdk/definitions/dag.py","lineno":1138,"name":"factory"},{"filename":"/opt/airflow/dags/user_profile_sensor.py","lineno":76,"name":"custom_sensor_user_profile"}]}]}
{"timestamp":"2026-02-25T09:45:00.927062","level":"info","event":"Filling up the DagBag from /opt/airflow/dags/user_profile_sensor.py","logger":"airflow.models.dagbag.DagBag"}
{"timestamp":"2026-02-25T09:45:00.976797","level":"error","event":"Failed to import: /opt/airflow/dags/user_profile_sensor.py","logger":"airflow.models.dagbag.DagBag","error_detail":[{"exc_type":"SyntaxError","exc_value":"invalid syntax (user_profile_sensor.py, line 8)","exc_notes":[],"syntax_error":{"offset":6,"filename":"/opt/airflow/dags/user_profile_sensor.py","line":"from \n","lineno":8,"msg":"invalid syntax"},"is_cause":false,"frames":[{"filename":"/home/airflow/.local/lib/python3.12/site-packages/airflow/models/dagbag.py","lineno":384,"name":"parse"},{"filename":"<frozen importlib._bootstrap_external>","lineno":995,"name":"exec_module"},{"filename":"<frozen importlib._bootstrap_external>","lineno":1133,"name":"get_code"},{"filename":"<frozen importlib._bootstrap_external>","lineno":1063,"name":"source_to_code"},{"filename":"<frozen importlib._bootstrap>","lineno":488,"name":"_call_with_frames_removed"}]}]}
{"timestamp":"2026-02-25T09:45:02.260955","level":"info","event":"Filling up the DagBag from /opt/airflow/dags/user_profile_sensor.py","logger":"airflow.models.dagbag.DagBag"}
{"timestamp":"2026-02-25T09:45:02.297980","level":"error","event":"Failed to import: /opt/airflow/dags/user_profile_sensor.py","logger":"airflow.models.dagbag.DagBag","error_detail":[{"exc_type":"SyntaxError","exc_value":"invalid syntax (user_profile_sensor.py, line 8)","exc_notes":[],"syntax_error":{"offset":8,"filename":"/opt/airflow/dags/user_profile_sensor.py","line":"from ai\n","lineno":8,"msg":"invalid syntax"},"is_cause":false,"frames":[{"filename":"/home/airflow/.local/lib/python3.12/site-packages/airflow/models/dagbag.py","lineno":384,"name":"parse"},{"filename":"<frozen importlib._bootstrap_external>","lineno":995,"name":"exec_module"},{"filename":"<frozen importlib._bootstrap_external>","lineno":1133,"name":"get_code"},{"filename":"<frozen importlib._bootstrap_external>","lineno":1063,"name":"source_to_code"},{"filename":"<frozen importlib._bootstrap>","lineno":488,"name":"_call_with_frames_removed"}]}]}
{"timestamp":"2026-02-25T09:45:06.589443","level":"info","event":"Filling up the DagBag from /opt/airflow/dags/user_profile_sensor.py","logger":"airflow.models.dagbag.DagBag"}
{"timestamp":"2026-02-25T09:45:06.622047","level":"error","event":"Failed to import: /opt/airflow/dags/user_profile_sensor.py","logger":"airflow.models.dagbag.DagBag","error_detail":[{"exc_type":"SyntaxError","exc_value":"invalid syntax (user_profile_sensor.py, line 8)","exc_notes":[],"syntax_error":{"offset":24,"filename":"/opt/airflow/dags/user_profile_sensor.py","line":"from airflow.providers.\n","lineno":8,"msg":"invalid syntax"},"is_cause":false,"frames":[{"filename":"/home/airflow/.local/lib/python3.12/site-packages/airflow/models/dagbag.py","lineno":384,"name":"parse"},{"filename":"<frozen importlib._bootstrap_external>","lineno":995,"name":"exec_module"},{"filename":"<frozen importlib._bootstrap_external>","lineno":1133,"name":"get_code"},{"filename":"<frozen importlib._bootstrap_external>","lineno":1063,"name":"source_to_code"},{"filename":"<frozen importlib._bootstrap>","lineno":488,"name":"_call_with_frames_removed"}]}]}
{"timestamp":"2026-02-25T09:45:08.848977","level":"info","event":"Filling up the DagBag from /opt/airflow/dags/user_profile_sensor.py","logger":"airflow.models.dagbag.DagBag"}
{"timestamp":"2026-02-25T09:45:08.895056","level":"error","event":"Failed to import: /opt/airflow/dags/user_profile_sensor.py","logger":"airflow.models.dagbag.DagBag","error_detail":[{"exc_type":"SyntaxError","exc_value":"invalid syntax (user_profile_sensor.py, line 8)","exc_notes":[],"syntax_error":{"offset":33,"filename":"/opt/airflow/dags/user_profile_sensor.py","line":"from airflow.providers.postgres.\n","lineno":8,"msg":"invalid syntax"},"is_cause":false,"frames":[{"filename":"/home/airflow/.local/lib/python3.12/site-packages/airflow/models/dagbag.py","lineno":384,"name":"parse"},{"filename":"<frozen importlib._bootstrap_external>","lineno":995,"name":"exec_module"},{"filename":"<frozen importlib._bootstrap_external>","lineno":1133,"name":"get_code"},{"filename":"<frozen importlib._bootstrap_external>","lineno":1063,"name":"source_to_code"},{"filename":"<frozen importlib._bootstrap>","lineno":488,"name":"_call_with_frames_removed"}]}]}
{"timestamp":"2026-02-25T09:45:13.372790","level":"info","event":"Filling up the DagBag from /opt/airflow/dags/user_profile_sensor.py","logger":"airflow.models.dagbag.DagBag"}
{"timestamp":"2026-02-25T09:45:13.466842","level":"error","event":"Failed to import: /opt/airflow/dags/user_profile_sensor.py","logger":"airflow.models.dagbag.DagBag","error_detail":[{"exc_type":"SyntaxError","exc_value":"invalid syntax (user_profile_sensor.py, line 8)","exc_notes":[],"syntax_error":{"offset":55,"filename":"/opt/airflow/dags/user_profile_sensor.py","line":"from airflow.providers.postgres.hooks.postgres import \n","lineno":8,"msg":"invalid syntax"},"is_cause":false,"frames":[{"filename":"/home/airflow/.local/lib/python3.12/site-packages/airflow/models/dagbag.py","lineno":384,"name":"parse"},{"filename":"<frozen importlib._bootstrap_external>","lineno":995,"name":"exec_module"},{"filename":"<frozen importlib._bootstrap_external>","lineno":1133,"name":"get_code"},{"filename":"<frozen importlib._bootstrap_external>","lineno":1063,"name":"source_to_code"},{"filename":"<frozen importlib._bootstrap>","lineno":488,"name":"_call_with_frames_removed"}]}]}
{"timestamp":"2026-02-25T09:45:14.754476","level":"info","event":"Filling up the DagBag from /opt/airflow/dags/user_profile_sensor.py","logger":"airflow.models.dagbag.DagBag"}
{"timestamp":"2026-02-25T09:45:14.862136","level":"error","event":"Failed to import: /opt/airflow/dags/user_profile_sensor.py","logger":"airflow.models.dagbag.DagBag","error_detail":[{"exc_type":"ImportError","exc_value":"cannot import name 'Pos' from 'airflow.providers.postgres.hooks.postgres' (/home/airflow/.local/lib/python3.12/site-packages/airflow/providers/postgres/hooks/postgres.py)","exc_notes":[],"syntax_error":null,"is_cause":false,"frames":[{"filename":"/home/airflow/.local/lib/python3.12/site-packages/airflow/models/dagbag.py","lineno":384,"name":"parse"},{"filename":"<frozen importlib._bootstrap_external>","lineno":999,"name":"exec_module"},{"filename":"<frozen importlib._bootstrap>","lineno":488,"name":"_call_with_frames_removed"},{"filename":"/opt/airflow/dags/user_profile_sensor.py","lineno":8,"name":"<module>"}]}]}
{"timestamp":"2026-02-25T09:45:16.117710","level":"info","event":"Filling up the DagBag from /opt/airflow/dags/user_profile_sensor.py","logger":"airflow.models.dagbag.DagBag"}
{"timestamp":"2026-02-25T09:45:16.228365","level":"error","event":"Failed to import: /opt/airflow/dags/user_profile_sensor.py","logger":"airflow.models.dagbag.DagBag","error_detail":[{"exc_type":"NameError","exc_value":"name 'task' is not defined","exc_notes":[],"syntax_error":null,"is_cause":false,"frames":[{"filename":"/home/airflow/.local/lib/python3.12/site-packages/airflow/models/dagbag.py","lineno":384,"name":"parse"},{"filename":"<frozen importlib._bootstrap_external>","lineno":999,"name":"exec_module"},{"filename":"<frozen importlib._bootstrap>","lineno":488,"name":"_call_with_frames_removed"},{"filename":"/opt/airflow/dags/user_profile_sensor.py","lineno":91,"name":"<module>"},{"filename":"/home/airflow/.local/lib/python3.12/site-packages/airflow/sdk/definitions/dag.py","lineno":1138,"name":"factory"},{"filename":"/opt/airflow/dags/user_profile_sensor.py","lineno":77,"name":"custom_sensor_user_profile"}]}]}
{"timestamp":"2026-02-25T09:45:25.875532","level":"info","event":"Filling up the DagBag from /opt/airflow/dags/user_profile_sensor.py","logger":"airflow.models.dagbag.DagBag"}
{"timestamp":"2026-02-25T09:45:31.809832","level":"info","event":"Filling up the DagBag from /opt/airflow/dags/user_profile_sensor.py","logger":"airflow.models.dagbag.DagBag"}
{"timestamp":"2026-02-25T09:45:50.840202","level":"info","event":"Filling up the DagBag from /opt/airflow/dags/user_profile_sensor.py","logger":"airflow.models.dagbag.DagBag"}
{"timestamp":"2026-02-25T09:45:54.406744","level":"info","event":"Filling up the DagBag from /opt/airflow/dags/user_profile_sensor.py","logger":"airflow.models.dagbag.DagBag"}
{"timestamp":"2026-02-25T09:45:54.522893","level":"error","event":"Failed to import: /opt/airflow/dags/user_profile_sensor.py","logger":"airflow.models.dagbag.DagBag","error_detail":[{"exc_type":"NameError","exc_value":"name 'sto' is not defined","exc_notes":[],"syntax_error":null,"is_cause":false,"frames":[{"filename":"/home/airflow/.local/lib/python3.12/site-packages/airflow/models/dagbag.py","lineno":384,"name":"parse"},{"filename":"<frozen importlib._bootstrap_external>","lineno":999,"name":"exec_module"},{"filename":"<frozen importlib._bootstrap>","lineno":488,"name":"_call_with_frames_removed"},{"filename":"/opt/airflow/dags/user_profile_sensor.py","lineno":93,"name":"<module>"},{"filename":"/home/airflow/.local/lib/python3.12/site-packages/airflow/sdk/definitions/dag.py","lineno":1138,"name":"factory"},{"filename":"/opt/airflow/dags/user_profile_sensor.py","lineno":89,"name":"custom_sensor_user_profile"}]}]}
{"timestamp":"2026-02-25T09:45:55.797742","level":"info","event":"Filling up the DagBag from /opt/airflow/dags/user_profile_sensor.py","logger":"airflow.models.dagbag.DagBag"}
{"timestamp":"2026-02-25T09:45:55.960287","level":"error","event":"Failed to import: /opt/airflow/dags/user_profile_sensor.py","logger":"airflow.models.dagbag.DagBag","error_detail":[{"exc_type":"AttributeError","exc_value":"'_TaskDecorator' object has no attribute 'update_relative'","exc_notes":[],"syntax_error":null,"is_cause":false,"frames":[{"filename":"/home/airflow/.local/lib/python3.12/site-packages/airflow/models/dagbag.py","lineno":384,"name":"parse"},{"filename":"<frozen importlib._bootstrap_external>","lineno":999,"name":"exec_module"},{"filename":"<frozen importlib._bootstrap>","lineno":488,"name":"_call_with_frames_removed"},{"filename":"/opt/airflow/dags/user_profile_sensor.py","lineno":93,"name":"<module>"},{"filename":"/home/airflow/.local/lib/python3.12/site-packages/airflow/sdk/definitions/dag.py","lineno":1138,"name":"factory"},{"filename":"/opt/airflow/dags/user_profile_sensor.py","lineno":89,"name":"custom_sensor_user_profile"},{"filename":"/home/airflow/.local/lib/python3.12/site-packages/airflow/sdk/definitions/_internal/mixins.py","lineno":97,"name":"__rshift__"},{"filename":"/home/airflow/.local/lib/python3.12/site-packages/airflow/sdk/definitions/_internal/node.py","lineno":216,"name":"set_downstream"},{"filename":"/home/airflow/.local/lib/python3.12/site-packages/airflow/sdk/definitions/_internal/node.py","lineno":168,"name":"_set_relatives"}]}]}
{"timestamp":"2026-02-25T09:46:26.767159","level":"info","event":"Filling up the DagBag from /opt/airflow/dags/user_profile_sensor.py","logger":"airflow.models.dagbag.DagBag"}
{"timestamp":"2026-02-25T09:46:26.986568","level":"error","event":"Failed to import: /opt/airflow/dags/user_profile_sensor.py","logger":"airflow.models.dagbag.DagBag","error_detail":[{"exc_type":"AttributeError","exc_value":"'_TaskDecorator' object has no attribute 'update_relative'","exc_notes":[],"syntax_error":null,"is_cause":false,"frames":[{"filename":"/home/airflow/.local/lib/python3.12/site-packages/airflow/models/dagbag.py","lineno":384,"name":"parse"},{"filename":"<frozen importlib._bootstrap_external>","lineno":999,"name":"exec_module"},{"filename":"<frozen importlib._bootstrap>","lineno":488,"name":"_call_with_frames_removed"},{"filename":"/opt/airflow/dags/user_profile_sensor.py","lineno":93,"name":"<module>"},{"filename":"/home/airflow/.local/lib/python3.12/site-packages/airflow/sdk/definitions/dag.py","lineno":1138,"name":"factory"},{"filename":"/opt/airflow/dags/user_profile_sensor.py","lineno":89,"name":"custom_sensor_user_profile"},{"filename":"/home/airflow/.local/lib/python3.12/site-packages/airflow/sdk/definitions/_internal/mixins.py","lineno":97,"name":"__rshift__"},{"filename":"/home/airflow/.local/lib/python3.12/site-packages/airflow/sdk/definitions/_internal/node.py","lineno":216,"name":"set_downstream"},{"filename":"/home/airflow/.local/lib/python3.12/site-packages/airflow/sdk/definitions/_internal/node.py","lineno":168,"name":"_set_relatives"}]}]}
{"timestamp":"2026-02-25T09:46:28.446703","level":"info","event":"Filling up the DagBag from /opt/airflow/dags/user_profile_sensor.py","logger":"airflow.models.dagbag.DagBag"}
{"timestamp":"2026-02-25T09:46:28.717189","level":"error","event":"Failed to import: /opt/airflow/dags/user_profile_sensor.py","logger":"airflow.models.dagbag.DagBag","error_detail":[{"exc_type":"AttributeError","exc_value":"'_TaskDecorator' object has no attribute 'update_relative'","exc_notes":[],"syntax_error":null,"is_cause":false,"frames":[{"filename":"/home/airflow/.local/lib/python3.12/site-packages/airflow/models/dagbag.py","lineno":384,"name":"parse"},{"filename":"<frozen importlib._bootstrap_external>","lineno":999,"name":"exec_module"},{"filename":"<frozen importlib._bootstrap>","lineno":488,"name":"_call_with_frames_removed"},{"filename":"/opt/airflow/dags/user_profile_sensor.py","lineno":93,"name":"<module>"},{"filename":"/home/airflow/.local/lib/python3.12/site-packages/airflow/sdk/definitions/dag.py","lineno":1138,"name":"factory"},{"filename":"/opt/airflow/dags/user_profile_sensor.py","lineno":89,"name":"custom_sensor_user_profile"},{"filename":"/home/airflow/.local/lib/python3.12/site-packages/airflow/sdk/definitions/_internal/mixins.py","lineno":97,"name":"__rshift__"},{"filename":"/home/airflow/.local/lib/python3.12/site-packages/airflow/sdk/definitions/_internal/node.py","lineno":216,"name":"set_downstream"},{"filename":"/home/airflow/.local/lib/python3.12/site-packages/airflow/sdk/definitions/_internal/node.py","lineno":168,"name":"_set_relatives"}]}]}
{"timestamp":"2026-02-25T09:46:33.871649","level":"info","event":"Filling up the DagBag from /opt/airflow/dags/user_profile_sensor.py","logger":"airflow.models.dagbag.DagBag"}
{"timestamp":"2026-02-25T09:47:04.653079","level":"info","event":"Filling up the DagBag from /opt/airflow/dags/user_profile_sensor.py","logger":"airflow.models.dagbag.DagBag"}
{"timestamp":"2026-02-25T09:47:35.326951","level":"info","event":"Filling up the DagBag from /opt/airflow/dags/user_profile_sensor.py","logger":"airflow.models.dagbag.DagBag"}
{"timestamp":"2026-02-25T09:48:05.929431","level":"info","event":"Filling up the DagBag from /opt/airflow/dags/user_profile_sensor.py","logger":"airflow.models.dagbag.DagBag"}
{"timestamp":"2026-02-25T09:48:36.313390","level":"info","event":"Filling up the DagBag from /opt/airflow/dags/user_profile_sensor.py","logger":"airflow.models.dagbag.DagBag"}
{"timestamp":"2026-02-25T09:49:07.284735","level":"info","event":"Filling up the DagBag from /opt/airflow/dags/user_profile_sensor.py","logger":"airflow.models.dagbag.DagBag"}
{"timestamp":"2026-02-25T09:49:38.157410","level":"info","event":"Filling up the DagBag from /opt/airflow/dags/user_profile_sensor.py","logger":"airflow.models.dagbag.DagBag"}
{"timestamp":"2026-02-25T09:50:08.905927","level":"info","event":"Filling up the DagBag from /opt/airflow/dags/user_profile_sensor.py","logger":"airflow.models.dagbag.DagBag"}
{"timestamp":"2026-02-25T09:50:39.356402","level":"info","event":"Filling up the DagBag from /opt/airflow/dags/user_profile_sensor.py","logger":"airflow.models.dagbag.DagBag"}
{"timestamp":"2026-02-25T09:51:10.154191","level":"info","event":"Filling up the DagBag from /opt/airflow/dags/user_profile_sensor.py","logger":"airflow.models.dagbag.DagBag"}
{"timestamp":"2026-02-25T09:51:40.785749","level":"info","event":"Filling up the DagBag from /opt/airflow/dags/user_profile_sensor.py","logger":"airflow.models.dagbag.DagBag"}
{"timestamp":"2026-02-25T09:52:11.785038","level":"info","event":"Filling up the DagBag from /opt/airflow/dags/user_profile_sensor.py","logger":"airflow.models.dagbag.DagBag"}
{"timestamp":"2026-02-25T09:52:42.231577","level":"info","event":"Filling up the DagBag from /opt/airflow/dags/user_profile_sensor.py","logger":"airflow.models.dagbag.DagBag"}
{"timestamp":"2026-02-25T09:53:13.030303","level":"info","event":"Filling up the DagBag from /opt/airflow/dags/user_profile_sensor.py","logger":"airflow.models.dagbag.DagBag"}
{"timestamp":"2026-02-25T09:53:43.836117","level":"info","event":"Filling up the DagBag from /opt/airflow/dags/user_profile_sensor.py","logger":"airflow.models.dagbag.DagBag"}
{"timestamp":"2026-02-25T09:54:14.443575","level":"info","event":"Filling up the DagBag from /opt/airflow/dags/user_profile_sensor.py","logger":"airflow.models.dagbag.DagBag"}
{"timestamp":"2026-02-25T09:54:45.785227","level":"info","event":"Filling up the DagBag from /opt/airflow/dags/user_profile_sensor.py","logger":"airflow.models.dagbag.DagBag"}
{"timestamp":"2026-02-25T09:55:17.114732","level":"info","event":"Filling up the DagBag from /opt/airflow/dags/user_profile_sensor.py","logger":"airflow.models.dagbag.DagBag"}
{"timestamp":"2026-02-25T09:55:47.572976","level":"info","event":"Filling up the DagBag from /opt/airflow/dags/user_profile_sensor.py","logger":"airflow.models.dagbag.DagBag"}
{"timestamp":"2026-02-25T09:56:18.461030","level":"info","event":"Filling up the DagBag from /opt/airflow/dags/user_profile_sensor.py","logger":"airflow.models.dagbag.DagBag"}
{"timestamp":"2026-02-25T09:56:49.214770","level":"info","event":"Filling up the DagBag from /opt/airflow/dags/user_profile_sensor.py","logger":"airflow.models.dagbag.DagBag"}
{"timestamp":"2026-02-25T09:57:19.676610","level":"info","event":"Filling up the DagBag from /opt/airflow/dags/user_profile_sensor.py","logger":"airflow.models.dagbag.DagBag"}
{"timestamp":"2026-02-25T09:57:50.777617","level":"info","event":"Filling up the DagBag from /opt/airflow/dags/user_profile_sensor.py","logger":"airflow.models.dagbag.DagBag"}
{"timestamp":"2026-02-25T09:58:21.861922","level":"info","event":"Filling up the DagBag from /opt/airflow/dags/user_profile_sensor.py","logger":"airflow.models.dagbag.DagBag"}
{"timestamp":"2026-02-25T09:58:52.403452","level":"info","event":"Filling up the DagBag from /opt/airflow/dags/user_profile_sensor.py","logger":"airflow.models.dagbag.DagBag"}
{"timestamp":"2026-02-25T09:59:23.166924","level":"info","event":"Filling up the DagBag from /opt/airflow/dags/user_profile_sensor.py","logger":"airflow.models.dagbag.DagBag"}
{"timestamp":"2026-02-25T09:59:54.243391","level":"info","event":"Filling up the DagBag from /opt/airflow/dags/user_profile_sensor.py","logger":"airflow.models.dagbag.DagBag"}
{"timestamp":"2026-02-25T10:00:25.465859","level":"info","event":"Filling up the DagBag from /opt/airflow/dags/user_profile_sensor.py","logger":"airflow.models.dagbag.DagBag"}
{"timestamp":"2026-02-25T10:00:56.481534","level":"info","event":"Filling up the DagBag from /opt/airflow/dags/user_profile_sensor.py","logger":"airflow.models.dagbag.DagBag"}
{"timestamp":"2026-02-25T10:01:27.420691","level":"info","event":"Filling up the DagBag from /opt/airflow/dags/user_profile_sensor.py","logger":"airflow.models.dagbag.DagBag"}
{"timestamp":"2026-02-25T10:01:58.497296","level":"info","event":"Filling up the DagBag from /opt/airflow/dags/user_profile_sensor.py","logger":"airflow.models.dagbag.DagBag"}
{"timestamp":"2026-02-25T10:02:29.536296","level":"info","event":"Filling up the DagBag from /opt/airflow/dags/user_profile_sensor.py","logger":"airflow.models.dagbag.DagBag"}
{"timestamp":"2026-02-25T10:03:00.480023","level":"info","event":"Filling up the DagBag from /opt/airflow/dags/user_profile_sensor.py","logger":"airflow.models.dagbag.DagBag"}
{"timestamp":"2026-02-25T10:03:31.533031","level":"info","event":"Filling up the DagBag from /opt/airflow/dags/user_profile_sensor.py","logger":"airflow.models.dagbag.DagBag"}
{"timestamp":"2026-02-25T10:04:01.927402","level":"info","event":"Filling up the DagBag from /opt/airflow/dags/user_profile_sensor.py","logger":"airflow.models.dagbag.DagBag"}
{"timestamp":"2026-02-25T10:04:32.772051","level":"info","event":"Filling up the DagBag from /opt/airflow/dags/user_profile_sensor.py","logger":"airflow.models.dagbag.DagBag"}
{"timestamp":"2026-02-25T10:05:03.727108","level":"info","event":"Filling up the DagBag from /opt/airflow/dags/user_profile_sensor.py","logger":"airflow.models.dagbag.DagBag"}
{"timestamp":"2026-02-25T10:05:06.250809","level":"info","event":"Filling up the DagBag from /opt/airflow/dags/user_profile_sensor.py","logger":"airflow.models.dagbag.DagBag"}
{"timestamp":"2026-02-25T10:05:08.628700","level":"info","event":"Filling up the DagBag from /opt/airflow/dags/user_profile_sensor.py","logger":"airflow.models.dagbag.DagBag"}
{"timestamp":"2026-02-25T10:05:14.217567","level":"info","event":"Filling up the DagBag from /opt/airflow/dags/user_profile_sensor.py","logger":"airflow.models.dagbag.DagBag"}
{"timestamp":"2026-02-25T10:05:19.735119","level":"info","event":"Filling up the DagBag from /opt/airflow/dags/user_profile_sensor.py","logger":"airflow.models.dagbag.DagBag"}
{"timestamp":"2026-02-25T10:05:34.224459","level":"info","event":"Filling up the DagBag from /opt/airflow/dags/user_profile_sensor.py","logger":"airflow.models.dagbag.DagBag"}
{"timestamp":"2026-02-25T10:05:57.647511","level":"info","event":"Filling up the DagBag from /opt/airflow/dags/user_profile_sensor.py","logger":"airflow.models.dagbag.DagBag"}
{"timestamp":"2026-02-25T10:06:00.269525","level":"info","event":"Filling up the DagBag from /opt/airflow/dags/user_profile_sensor.py","logger":"airflow.models.dagbag.DagBag"}
{"timestamp":"2026-02-25T10:06:04.252857","level":"info","event":"Filling up the DagBag from /opt/airflow/dags/user_profile_sensor.py","logger":"airflow.models.dagbag.DagBag"}
{"timestamp":"2026-02-25T10:06:04.296814","level":"error","event":"Failed to import: /opt/airflow/dags/user_profile_sensor.py","logger":"airflow.models.dagbag.DagBag","error_detail":[{"exc_type":"SyntaxError","exc_value":"':' expected after dictionary key (user_profile_sensor.py, line 28)","exc_notes":[],"syntax_error":{"offset":21,"filename":"/opt/airflow/dags/user_profile_sensor.py","line":"            \"created\"\n","lineno":28,"msg":"':' expected after dictionary key"},"is_cause":false,"frames":[{"filename":"/home/airflow/.local/lib/python3.12/site-packages/airflow/models/dagbag.py","lineno":384,"name":"parse"},{"filename":"<frozen importlib._bootstrap_external>","lineno":995,"name":"exec_module"},{"filename":"<frozen importlib._bootstrap_external>","lineno":1133,"name":"get_code"},{"filename":"<frozen importlib._bootstrap_external>","lineno":1063,"name":"source_to_code"},{"filename":"<frozen importlib._bootstrap>","lineno":488,"name":"_call_with_frames_removed"}]}]}
{"timestamp":"2026-02-25T10:06:07.629075","level":"info","event":"Filling up the DagBag from /opt/airflow/dags/user_profile_sensor.py","logger":"airflow.models.dagbag.DagBag"}
{"timestamp":"2026-02-25T10:06:07.662844","level":"error","event":"Failed to import: /opt/airflow/dags/user_profile_sensor.py","logger":"airflow.models.dagbag.DagBag","error_detail":[{"exc_type":"SyntaxError","exc_value":"expression expected after dictionary key and ':' (user_profile_sensor.py, line 28)","exc_notes":[],"syntax_error":{"offset":25,"filename":"/opt/airflow/dags/user_profile_sensor.py","line":"            \"created_at\": \n","lineno":28,"msg":"expression expected after dictionary key and ':'"},"is_cause":false,"frames":[{"filename":"/home/airflow/.local/lib/python3.12/site-packages/airflow/models/dagbag.py","lineno":384,"name":"parse"},{"filename":"<frozen importlib._bootstrap_external>","lineno":995,"name":"exec_module"},{"filename":"<frozen importlib._bootstrap_external>","lineno":1133,"name":"get_code"},{"filename":"<frozen importlib._bootstrap_external>","lineno":1063,"name":"source_to_code"},{"filename":"<frozen importlib._bootstrap>","lineno":488,"name":"_call_with_frames_removed"}]}]}
{"timestamp":"2026-02-25T10:06:14.010238","level":"info","event":"Filling up the DagBag from /opt/airflow/dags/user_profile_sensor.py","logger":"airflow.models.dagbag.DagBag"}
{"timestamp":"2026-02-25T10:06:14.039362","level":"error","event":"Failed to import: /opt/airflow/dags/user_profile_sensor.py","logger":"airflow.models.dagbag.DagBag","error_detail":[{"exc_type":"SyntaxError","exc_value":"invalid syntax. Perhaps you forgot a comma? (user_profile_sensor.py, line 28)","exc_notes":[],"syntax_error":{"offset":27,"filename":"/opt/airflow/dags/user_profile_sensor.py","line":"            \"created_at\": user[]\n","lineno":28,"msg":"invalid syntax. Perhaps you forgot a comma?"},"is_cause":false,"frames":[{"filename":"/home/airflow/.local/lib/python3.12/site-packages/airflow/models/dagbag.py","lineno":384,"name":"parse"},{"filename":"<frozen importlib._bootstrap_external>","lineno":995,"name":"exec_module"},{"filename":"<frozen importlib._bootstrap_external>","lineno":1133,"name":"get_code"},{"filename":"<frozen importlib._bootstrap_external>","lineno":1063,"name":"source_to_code"},{"filename":"<frozen importlib._bootstrap>","lineno":488,"name":"_call_with_frames_removed"}]}]}
{"timestamp":"2026-02-25T10:06:16.280826","level":"info","event":"Filling up the DagBag from /opt/airflow/dags/user_profile_sensor.py","logger":"airflow.models.dagbag.DagBag"}
{"timestamp":"2026-02-25T10:06:20.769817","level":"info","event":"Filling up the DagBag from /opt/airflow/dags/user_profile_sensor.py","logger":"airflow.models.dagbag.DagBag"}
{"timestamp":"2026-02-25T10:06:23.171887","level":"info","event":"Filling up the DagBag from /opt/airflow/dags/user_profile_sensor.py","logger":"airflow.models.dagbag.DagBag"}
{"timestamp":"2026-02-25T10:06:54.012156","level":"info","event":"Filling up the DagBag from /opt/airflow/dags/user_profile_sensor.py","logger":"airflow.models.dagbag.DagBag"}
{"timestamp":"2026-02-25T10:07:25.202718","level":"info","event":"Filling up the DagBag from /opt/airflow/dags/user_profile_sensor.py","logger":"airflow.models.dagbag.DagBag"}
{"timestamp":"2026-02-25T10:07:26.590855","level":"info","event":"Filling up the DagBag from /opt/airflow/dags/user_profile_sensor.py","logger":"airflow.models.dagbag.DagBag"}
{"timestamp":"2026-02-25T10:07:57.162916","level":"info","event":"Filling up the DagBag from /opt/airflow/dags/user_profile_sensor.py","logger":"airflow.models.dagbag.DagBag"}
{"timestamp":"2026-02-25T10:08:27.788003","level":"info","event":"Filling up the DagBag from /opt/airflow/dags/user_profile_sensor.py","logger":"airflow.models.dagbag.DagBag"}
{"timestamp":"2026-02-25T10:08:58.607848","level":"info","event":"Filling up the DagBag from /opt/airflow/dags/user_profile_sensor.py","logger":"airflow.models.dagbag.DagBag"}
{"timestamp":"2026-02-25T10:09:29.228952","level":"info","event":"Filling up the DagBag from /opt/airflow/dags/user_profile_sensor.py","logger":"airflow.models.dagbag.DagBag"}
{"timestamp":"2026-02-25T10:10:00.559404","level":"info","event":"Filling up the DagBag from /opt/airflow/dags/user_profile_sensor.py","logger":"airflow.models.dagbag.DagBag"}
{"timestamp":"2026-02-25T10:10:31.353750","level":"info","event":"Filling up the DagBag from /opt/airflow/dags/user_profile_sensor.py","logger":"airflow.models.dagbag.DagBag"}
{"timestamp":"2026-02-25T10:11:02.094336","level":"info","event":"Filling up the DagBag from /opt/airflow/dags/user_profile_sensor.py","logger":"airflow.models.dagbag.DagBag"}
{"timestamp":"2026-02-25T10:11:32.970437","level":"info","event":"Filling up the DagBag from /opt/airflow/dags/user_profile_sensor.py","logger":"airflow.models.dagbag.DagBag"}
{"timestamp":"2026-02-25T10:12:03.861835","level":"info","event":"Filling up the DagBag from /opt/airflow/dags/user_profile_sensor.py","logger":"airflow.models.dagbag.DagBag"}
{"timestamp":"2026-02-25T10:12:34.775226","level":"info","event":"Filling up the DagBag from /opt/airflow/dags/user_profile_sensor.py","logger":"airflow.models.dagbag.DagBag"}
{"timestamp":"2026-02-25T10:13:05.587603","level":"info","event":"Filling up the DagBag from /opt/airflow/dags/user_profile_sensor.py","logger":"airflow.models.dagbag.DagBag"}
{"timestamp":"2026-02-25T10:13:36.762788","level":"info","event":"Filling up the DagBag from /opt/airflow/dags/user_profile_sensor.py","logger":"airflow.models.dagbag.DagBag"}
{"timestamp":"2026-02-25T10:14:08.136722","level":"info","event":"Filling up the DagBag from /opt/airflow/dags/user_profile_sensor.py","logger":"airflow.models.dagbag.DagBag"}
{"timestamp":"2026-02-25T10:14:38.915332","level":"info","event":"Filling up the DagBag from /opt/airflow/dags/user_profile_sensor.py","logger":"airflow.models.dagbag.DagBag"}
{"timestamp":"2026-02-25T10:15:09.746173","level":"info","event":"Filling up the DagBag from /opt/airflow/dags/user_profile_sensor.py","logger":"airflow.models.dagbag.DagBag"}
{"timestamp":"2026-02-25T10:15:40.668317","level":"info","event":"Filling up the DagBag from /opt/airflow/dags/user_profile_sensor.py","logger":"airflow.models.dagbag.DagBag"}
{"timestamp":"2026-02-25T10:16:11.819496","level":"info","event":"Filling up the DagBag from /opt/airflow/dags/user_profile_sensor.py","logger":"airflow.models.dagbag.DagBag"}
{"timestamp":"2026-02-25T10:16:43.263370","level":"info","event":"Filling up the DagBag from /opt/airflow/dags/user_profile_sensor.py","logger":"airflow.models.dagbag.DagBag"}
{"timestamp":"2026-02-25T10:17:13.698211","level":"info","event":"Filling up the DagBag from /opt/airflow/dags/user_profile_sensor.py","logger":"airflow.models.dagbag.DagBag"}
