[0m11:43:20.398830 [debug] [MainThread]: Sending event: {'category': 'dbt', 'action': 'invocation', 'label': 'start', 'context': [<snowplow_tracker.self_describing_json.SelfDescribingJson object at 0x0000020B7C84E960>, <snowplow_tracker.self_describing_json.SelfDescribingJson object at 0x0000020B7EF56360>, <snowplow_tracker.self_describing_json.SelfDescribingJson object at 0x0000020B7F4AB1A0>]}


============================== 11:43:20.403868 | ab096ede-97ff-476a-a0f6-7de1a4bb8e4e ==============================
[0m11:43:20.403868 [info ] [MainThread]: Running with dbt=1.11.6
[0m11:43:20.403868 [debug] [MainThread]: running dbt with arguments {'version_check': 'True', 'no_print': 'None', 'static_parser': 'True', 'target_path': 'None', 'warn_error_options': 'WarnErrorOptionsV2(error=[], warn=[], silence=[])', 'printer_width': '80', 'write_json': 'True', 'empty': 'None', 'log_cache_events': 'False', 'introspect': 'True', 'cache_selected_only': 'False', 'log_format': 'default', 'debug': 'False', 'fail_fast': 'False', 'partial_parse': 'True', 'send_anonymous_usage_stats': 'True', 'quiet': 'False', 'warn_error': 'None', 'profiles_dir': 'C:\\Users\\user\\.dbt', 'invocation_command': 'dbt clean', 'indirect_selection': 'eager', 'use_colors': 'True', 'use_experimental_parser': 'False', 'log_path': 'logs'}
[0m11:43:20.406833 [error] [MainThread]: Encountered an error:
Runtime Error
  No dbt_project.yml found at expected path C:\Users\user\Documents\DataEngineeringBootCamp\dbt_project.yml
  Verify that each entry within packages.yml (and their transitive dependencies) contains a file named dbt_project.yml
  
[0m11:43:20.407878 [debug] [MainThread]: Command `dbt clean` failed at 11:43:20.407878 after 0.20 seconds
[0m11:43:20.408874 [debug] [MainThread]: Sending event: {'category': 'dbt', 'action': 'invocation', 'label': 'end', 'context': [<snowplow_tracker.self_describing_json.SelfDescribingJson object at 0x0000020B7EEB3620>, <snowplow_tracker.self_describing_json.SelfDescribingJson object at 0x0000020B7F198530>, <snowplow_tracker.self_describing_json.SelfDescribingJson object at 0x0000020B7F9AFE30>]}
[0m11:43:20.408874 [debug] [MainThread]: Flushing usage events
[0m11:43:21.718282 [debug] [MainThread]: An error was encountered while trying to flush usage events
[0m11:43:33.686761 [debug] [MainThread]: Sending event: {'category': 'dbt', 'action': 'invocation', 'label': 'start', 'context': [<snowplow_tracker.self_describing_json.SelfDescribingJson object at 0x000001613262A6F0>, <snowplow_tracker.self_describing_json.SelfDescribingJson object at 0x00000161358EC560>, <snowplow_tracker.self_describing_json.SelfDescribingJson object at 0x00000161358EDDF0>]}


============================== 11:43:33.690799 | ba9421fb-1954-4e73-ab54-222b37cab016 ==============================
[0m11:43:33.690799 [info ] [MainThread]: Running with dbt=1.11.6
[0m11:43:33.691808 [debug] [MainThread]: running dbt with arguments {'static_parser': 'True', 'no_print': 'None', 'version_check': 'True', 'warn_error_options': 'WarnErrorOptionsV2(error=[], warn=[], silence=[])', 'target_path': 'None', 'printer_width': '80', 'write_json': 'True', 'empty': 'None', 'log_cache_events': 'False', 'introspect': 'True', 'cache_selected_only': 'False', 'fail_fast': 'False', 'debug': 'False', 'log_format': 'default', 'profiles_dir': 'C:\\Users\\user\\.dbt', 'send_anonymous_usage_stats': 'True', 'quiet': 'False', 'warn_error': 'None', 'partial_parse': 'True', 'invocation_command': 'dbt deps', 'indirect_selection': 'eager', 'use_colors': 'True', 'use_experimental_parser': 'False', 'log_path': 'logs'}
[0m11:43:33.692799 [error] [MainThread]: Encountered an error:
Runtime Error
  No dbt_project.yml found at expected path C:\Users\user\Documents\DataEngineeringBootCamp\dbt_project.yml
  Verify that each entry within packages.yml (and their transitive dependencies) contains a file named dbt_project.yml
  
[0m11:43:33.693798 [debug] [MainThread]: Command `dbt deps` failed at 11:43:33.693798 after 0.17 seconds
[0m11:43:33.693798 [debug] [MainThread]: Sending event: {'category': 'dbt', 'action': 'invocation', 'label': 'end', 'context': [<snowplow_tracker.self_describing_json.SelfDescribingJson object at 0x0000016135C6F770>, <snowplow_tracker.self_describing_json.SelfDescribingJson object at 0x000001613597CE30>, <snowplow_tracker.self_describing_json.SelfDescribingJson object at 0x0000016135765700>]}
[0m11:43:33.694798 [debug] [MainThread]: Flushing usage events
[0m11:43:35.232915 [debug] [MainThread]: An error was encountered while trying to flush usage events
