[0m11:51:39.847116 [debug] [MainThread]: Sending event: {'category': 'dbt', 'action': 'invocation', 'label': 'start', 'context': [<snowplow_tracker.self_describing_json.SelfDescribingJson object at 0x0000011A08A104A0>, <snowplow_tracker.self_describing_json.SelfDescribingJson object at 0x0000011A08A3B710>, <snowplow_tracker.self_describing_json.SelfDescribingJson object at 0x0000011A08A3AE70>]}


============================== 11:51:39.864281 | c87aa111-b9a1-40f5-8e1f-156159de026d ==============================
[0m11:51:39.864281 [info ] [MainThread]: Running with dbt=1.11.6
[0m11:51:39.865279 [debug] [MainThread]: running dbt with arguments {'version_check': 'True', 'no_print': 'None', 'static_parser': 'True', 'warn_error_options': 'WarnErrorOptionsV2(error=[], warn=[], silence=[])', 'target_path': 'None', 'printer_width': '80', 'write_json': 'True', 'empty': 'None', 'log_cache_events': 'False', 'introspect': 'True', 'cache_selected_only': 'False', 'log_format': 'default', 'debug': 'False', 'fail_fast': 'False', 'partial_parse': 'True', 'send_anonymous_usage_stats': 'True', 'quiet': 'False', 'warn_error': 'None', 'profiles_dir': 'C:\\Users\\user\\.dbt', 'invocation_command': 'dbt init', 'indirect_selection': 'eager', 'use_colors': 'True', 'use_experimental_parser': 'False', 'log_path': 'logs'}
[0m11:52:37.608210 [debug] [MainThread]: Starter project path: C:\Users\user\Documents\DataEngineeringBootCamp\pg-dbt-workshop\zoomcamp_taxi_ride_ny\venv\Lib\site-packages\dbt\include\starter_project
[0m11:52:37.631213 [info ] [MainThread]: 
Your new dbt project "taxi_rides_pg_ny" was created!

For more information on how to configure the profiles.yml file,
please consult the dbt documentation here:

  https://docs.getdbt.com/docs/configure-your-profile

One more thing:

Need help? Don't hesitate to reach out to us via GitHub issues or on Slack:

  https://community.getdbt.com/

Happy modeling!

[0m11:52:37.632219 [info ] [MainThread]: Setting up your profile.
[0m11:53:17.325543 [info ] [MainThread]: Profile taxi_rides_pg_ny written to C:\Users\user\.dbt\profiles.yml using target's profile_template.yml and your supplied values. Run 'dbt debug' to validate the connection.
[0m11:53:17.327852 [debug] [MainThread]: Command `dbt init` succeeded at 11:53:17.327294 after 97.71 seconds
[0m11:53:17.328950 [debug] [MainThread]: Sending event: {'category': 'dbt', 'action': 'invocation', 'label': 'end', 'context': [<snowplow_tracker.self_describing_json.SelfDescribingJson object at 0x0000011A08EF2900>, <snowplow_tracker.self_describing_json.SelfDescribingJson object at 0x0000011A0A87C5F0>, <snowplow_tracker.self_describing_json.SelfDescribingJson object at 0x0000011A0A71B3E0>]}
[0m11:53:17.330037 [debug] [MainThread]: Flushing usage events
[0m11:53:18.979104 [debug] [MainThread]: An error was encountered while trying to flush usage events
[0m12:09:57.636875 [debug] [MainThread]: Sending event: {'category': 'dbt', 'action': 'invocation', 'label': 'start', 'context': [<snowplow_tracker.self_describing_json.SelfDescribingJson object at 0x0000018F736D4260>, <snowplow_tracker.self_describing_json.SelfDescribingJson object at 0x0000018F774250D0>, <snowplow_tracker.self_describing_json.SelfDescribingJson object at 0x0000018F76EDB230>]}


============================== 12:09:57.646876 | e2d7d404-959d-413e-a910-d62862b071ba ==============================
[0m12:09:57.646876 [info ] [MainThread]: Running with dbt=1.11.6
[0m12:09:57.648878 [debug] [MainThread]: running dbt with arguments {'version_check': 'True', 'no_print': 'None', 'static_parser': 'True', 'target_path': 'None', 'warn_error_options': 'WarnErrorOptionsV2(error=[], warn=[], silence=[])', 'printer_width': '80', 'write_json': 'True', 'introspect': 'True', 'log_cache_events': 'False', 'empty': 'False', 'cache_selected_only': 'False', 'fail_fast': 'False', 'debug': 'False', 'log_format': 'default', 'profiles_dir': 'C:\\Users\\user\\.dbt', 'send_anonymous_usage_stats': 'True', 'quiet': 'False', 'warn_error': 'None', 'partial_parse': 'True', 'use_colors': 'True', 'indirect_selection': 'eager', 'invocation_command': 'dbt run', 'use_experimental_parser': 'False', 'log_path': 'logs'}
[0m12:09:57.650389 [error] [MainThread]: Encountered an error:
Runtime Error
  No dbt_project.yml found at expected path C:\Users\user\Documents\DataEngineeringBootCamp\pg-dbt-workshop\zoomcamp_taxi_ride_ny\dbt_project.yml
  Verify that each entry within packages.yml (and their transitive dependencies) contains a file named dbt_project.yml
  
[0m12:09:57.652411 [debug] [MainThread]: Command `dbt run` failed at 12:09:57.652411 after 0.33 seconds
[0m12:09:57.653421 [debug] [MainThread]: Sending event: {'category': 'dbt', 'action': 'invocation', 'label': 'end', 'context': [<snowplow_tracker.self_describing_json.SelfDescribingJson object at 0x0000018F779F7470>, <snowplow_tracker.self_describing_json.SelfDescribingJson object at 0x0000018F75305F10>, <snowplow_tracker.self_describing_json.SelfDescribingJson object at 0x0000018F736D4260>]}
[0m12:09:57.654410 [debug] [MainThread]: Flushing usage events
[0m12:09:59.261399 [debug] [MainThread]: An error was encountered while trying to flush usage events
